TN:
SF:index.js
FNF:0
FNH:0
DA:1,0
DA:25,0
LF:2
LH:0
BRF:0
BRH:0
end_of_record
TN:
SF:Controller\controll-affichage-site.js
FNF:0
FNH:0
LF:0
LH:0
BRF:0
BRH:0
end_of_record
TN:
SF:Controller\controll-gestion.js
FNF:0
FNH:0
DA:1,0
DA:2,0
DA:3,0
DA:5,0
DA:6,0
DA:7,0
DA:8,0
DA:9,0
DA:10,0
DA:11,0
DA:12,0
DA:14,0
DA:15,0
DA:17,0
DA:18,0
DA:19,0
DA:21,0
DA:22,0
DA:25,0
DA:26,0
LF:20
LH:0
BRDA:17,0,0,0
BRDA:17,0,1,0
BRDA:18,1,0,0
BRDA:18,1,1,0
BRDA:18,2,0,0
BRDA:18,2,1,0
BRDA:21,3,0,0
BRDA:21,3,1,0
BRF:8
BRH:0
end_of_record
TN:
SF:Controller\controll-menu.js
FN:6,Controller
FNF:1
FNH:0
FNDA:0,Controller
DA:1,0
DA:2,0
DA:3,0
DA:6,0
DA:7,0
DA:8,0
DA:10,0
DA:12,0
DA:13,0
DA:14,0
DA:16,0
DA:17,0
DA:19,0
DA:23,0
DA:31,0
LF:15
LH:0
BRF:0
BRH:0
end_of_record
TN:
SF:Controller\controll-newsite.js
FN:6,Controller
FNF:1
FNH:0
FNDA:0,Controller
DA:1,0
DA:2,0
DA:3,0
DA:4,0
DA:6,0
DA:7,0
DA:9,0
DA:10,0
DA:12,0
DA:13,0
DA:14,0
DA:16,0
DA:17,0
DA:18,0
DA:19,0
DA:20,0
DA:22,0
DA:27,0
DA:30,0
DA:31,0
DA:33,0
DA:36,0
DA:42,0
DA:43,0
DA:45,0
DA:46,0
DA:47,0
DA:48,0
DA:49,0
DA:50,0
DA:51,0
DA:52,0
DA:53,0
DA:54,0
DA:55,0
DA:56,0
DA:58,0
DA:59,0
DA:60,0
DA:62,0
DA:64,0
LF:41
LH:0
BRDA:7,0,0,0
BRDA:7,0,1,0
BRDA:16,1,0,0
BRDA:16,1,1,0
BRDA:17,2,0,0
BRDA:17,2,1,0
BRDA:18,3,0,0
BRDA:18,3,1,0
BRDA:19,4,0,0
BRDA:19,4,1,0
BRDA:30,5,0,0
BRDA:30,5,1,0
BRDA:30,6,0,0
BRDA:30,6,1,0
BRDA:33,7,0,0
BRDA:33,7,1,0
BRF:16
BRH:0
end_of_record
TN:
SF:JavaScript\script-button.js
FNF:0
FNH:0
DA:1,0
DA:2,0
DA:3,0
DA:4,0
DA:5,0
DA:6,0
DA:7,0
DA:9,0
DA:10,0
LF:9
LH:0
BRF:0
BRH:0
end_of_record
TN:
SF:JavaScript\script-chargement.js
FN:5,(anonymous_0)
FN:7,(anonymous_1)
FN:11,(anonymous_2)
FNF:3
FNH:0
FNDA:0,(anonymous_0)
FNDA:0,(anonymous_1)
FNDA:0,(anonymous_2)
DA:1,0
DA:2,0
DA:3,0
DA:5,0
DA:6,0
DA:8,0
DA:9,0
DA:12,0
DA:13,0
DA:14,0
LF:10
LH:0
BRF:0
BRH:0
end_of_record
TN:
SF:JavaScript\script-draganddrop.js
FN:8,dragStart
FN:11,(anonymous_1)
FN:14,dragEnd
FN:33,dragOver
FN:37,dragEnter
FN:42,dragLeave
FN:47,dragDrop
FNF:7
FNH:0
FNDA:0,dragStart
FNDA:0,(anonymous_1)
FNDA:0,dragEnd
FNDA:0,dragOver
FNDA:0,dragEnter
FNDA:0,dragLeave
FNDA:0,dragDrop
DA:1,0
DA:2,0
DA:4,0
DA:5,0
DA:9,0
DA:11,0
DA:15,0
DA:19,0
DA:21,0
DA:23,0
DA:25,0
DA:27,0
DA:34,0
DA:38,0
DA:39,0
DA:43,0
DA:48,0
DA:49,0
LF:18
LH:0
BRF:0
BRH:0
end_of_record
TN:
SF:JavaScript\script-gestion.js
FN:35,AffichageListingPage
FN:45,AffichageModificationPage
FN:52,AffichageModifThemPage
FN:59,IfElementExisteSupp
FNF:4
FNH:0
FNDA:0,AffichageListingPage
FNDA:0,AffichageModificationPage
FNDA:0,AffichageModifThemPage
FNDA:0,IfElementExisteSupp
DA:3,0
DA:4,0
DA:5,0
DA:6,0
DA:7,0
DA:8,0
DA:9,0
DA:10,0
DA:11,0
DA:12,0
DA:13,0
DA:15,0
DA:16,0
DA:20,0
DA:21,0
DA:23,0
DA:24,0
DA:25,0
DA:27,0
DA:28,0
DA:29,0
DA:31,0
DA:32,0
DA:33,0
DA:36,0
DA:37,0
DA:39,0
DA:40,0
DA:46,0
DA:47,0
DA:49,0
DA:53,0
DA:54,0
DA:56,0
DA:60,0
DA:61,0
LF:36
LH:0
BRDA:36,0,0,0
BRDA:36,0,1,0
BRDA:46,1,0,0
BRDA:46,1,1,0
BRDA:53,2,0,0
BRDA:53,2,1,0
BRF:6
BRH:0
end_of_record
TN:
SF:JavaScript\script-index.js
FN:6,(anonymous_0)
FN:11,(anonymous_1)
FN:14,(anonymous_2)
FN:28,(anonymous_3)
FNF:4
FNH:0
FNDA:0,(anonymous_0)
FNDA:0,(anonymous_1)
FNDA:0,(anonymous_2)
FNDA:0,(anonymous_3)
DA:2,0
DA:4,0
DA:6,0
DA:8,0
DA:11,0
DA:13,0
DA:14,0
DA:16,0
DA:18,0
DA:21,0
DA:22,0
DA:24,0
DA:25,0
DA:27,0
DA:28,0
DA:30,0
DA:31,0
DA:32,0
DA:34,0
LF:19
LH:0
BRDA:32,0,0,0
BRDA:32,0,1,0
BRF:2
BRH:0
end_of_record
TN:
SF:JavaScript\script-newsite.js
FN:7,(anonymous_0)
FN:8,(anonymous_1)
FNF:2
FNH:0
FNDA:0,(anonymous_0)
FNDA:0,(anonymous_1)
DA:2,0
DA:3,0
DA:4,0
DA:5,0
DA:7,0
DA:8,0
DA:11,0
DA:17,0
DA:19,0
DA:22,0
DA:23,0
DA:24,0
LF:12
LH:0
BRDA:8,0,0,0
BRDA:8,0,1,0
BRDA:17,1,0,0
BRDA:17,1,1,0
BRDA:17,2,0,0
BRDA:17,2,1,0
BRF:6
BRH:0
end_of_record
TN:
SF:JavaScript\script-pageHtml.js
FNF:0
FNH:0
DA:1,0
LF:1
LH:0
BRF:0
BRH:0
end_of_record
TN:
SF:NodeJS\jeux.js
FN:7,(anonymous_0)
FN:12,(anonymous_1)
FNF:2
FNH:0
FNDA:0,(anonymous_0)
FNDA:0,(anonymous_1)
DA:1,0
DA:3,0
DA:4,0
DA:6,0
DA:7,0
DA:8,0
DA:9,0
DA:11,0
DA:12,0
DA:13,0
DA:19,0
DA:20,0
LF:12
LH:0
BRDA:6,0,0,0
BRDA:6,0,1,0
BRDA:11,1,0,0
BRDA:11,1,1,0
BRF:4
BRH:0
end_of_record
TN:
SF:NodeJS\ServExpress\gestionnaireRequetes.js
FN:6,gestionnaireRequetes
FNF:1
FNH:0
FNDA:0,gestionnaireRequetes
DA:1,0
DA:2,0
DA:3,0
DA:7,0
DA:8,0
DA:9,0
DA:11,0
DA:12,0
DA:13,0
DA:14,0
DA:17,0
DA:18,0
DA:19,0
DA:21,0
DA:23,0
DA:27,0
LF:16
LH:0
BRDA:9,0,0,0
BRDA:9,0,1,0
BRF:2
BRH:0
end_of_record
TN:
SF:NodeJS\ServExpress\librairie.js
FN:1,(anonymous_0)
FN:5,(anonymous_1)
FNF:2
FNH:0
FNDA:0,(anonymous_0)
FNDA:0,(anonymous_1)
DA:1,0
DA:2,0
DA:5,0
DA:6,0
DA:9,0
DA:10,0
LF:6
LH:0
BRF:0
BRH:0
end_of_record
TN:
SF:NodeJS\ServExpress\router.js
FN:12,router
FN:15,(anonymous_1)
FNF:2
FNH:0
FNDA:0,router
FNDA:0,(anonymous_1)
DA:1,0
DA:2,0
DA:3,0
DA:4,0
DA:6,0
DA:7,0
DA:8,0
DA:13,0
DA:15,0
DA:16,0
DA:17,0
DA:18,0
DA:19,0
DA:20,0
DA:22,0
DA:23,0
DA:25,0
DA:26,0
DA:27,0
DA:28,0
DA:32,0
DA:33,0
DA:34,0
DA:35,0
DA:36,0
DA:37,0
DA:38,0
DA:39,0
DA:40,0
DA:42,0
DA:45,0
DA:46,0
DA:47,0
DA:53,0
LF:34
LH:0
BRDA:25,0,0,0
BRDA:25,0,1,0
BRDA:32,1,0,0
BRDA:32,1,1,0
BRDA:32,2,0,0
BRDA:32,2,1,0
BRDA:32,2,2,0
BRDA:32,2,3,0
BRDA:36,3,0,0
BRDA:36,3,1,0
BRDA:36,4,0,0
BRDA:36,4,1,0
BRDA:36,4,2,0
BRDA:36,4,3,0
BRDA:36,4,4,0
BRDA:38,5,0,0
BRDA:38,5,1,0
BRF:17
BRH:0
end_of_record
TN:
SF:NodeJS\ServExpress\serveur.js
FN:16,start
FN:18,WaitOnRequest
FN:34,(anonymous_2)
FN:40,(anonymous_3)
FNF:4
FNH:0
FNDA:0,start
FNDA:0,WaitOnRequest
FNDA:0,(anonymous_2)
FNDA:0,(anonymous_3)
DA:1,0
DA:2,0
DA:3,0
DA:4,0
DA:5,0
DA:6,0
DA:7,0
DA:8,0
DA:9,0
DA:10,0
DA:12,0
DA:13,0
DA:14,0
DA:18,0
DA:19,0
DA:20,0
DA:21,0
DA:23,0
DA:24,0
DA:26,0
DA:27,0
DA:28,0
DA:31,0
DA:34,0
DA:35,0
DA:36,0
DA:37,0
DA:40,0
DA:41,0
DA:42,0
DA:43,0
DA:45,0
DA:48,0
DA:49,0
DA:50,0
DA:53,0
LF:36
LH:0
BRF:0
BRH:0
end_of_record
TN:
SF:NodeJS\ServMano\gestionnaireRequetes.js
FN:31,receive
FN:43,(anonymous_1)
FN:74,(anonymous_2)
FN:81,(anonymous_3)
FN:109,upload
FNF:5
FNH:0
FNDA:0,receive
FNDA:0,(anonymous_1)
FNDA:0,(anonymous_2)
FNDA:0,(anonymous_3)
FNDA:0,upload
DA:1,0
DA:2,0
DA:3,0
DA:4,0
DA:5,0
DA:7,0
DA:8,0
DA:9,0
DA:10,0
DA:11,0
DA:14,0
DA:32,0
DA:33,0
DA:34,0
DA:36,0
DA:37,0
DA:38,0
DA:39,0
DA:42,0
DA:43,0
DA:44,0
DA:45,0
DA:46,0
DA:49,0
DA:53,0
DA:57,0
DA:60,0
DA:61,0
DA:62,0
DA:63,0
DA:64,0
DA:67,0
DA:68,0
DA:70,0
DA:73,0
DA:74,0
DA:75,0
DA:80,0
DA:81,0
DA:82,0
DA:110,0
DA:111,0
DA:112,0
DA:113,0
DA:116,0
DA:117,0
LF:46
LH:0
BRDA:36,0,0,0
BRDA:36,0,1,0
BRDA:38,1,0,0
BRDA:38,1,1,0
BRDA:38,2,0,0
BRDA:38,2,1,0
BRDA:42,3,0,0
BRDA:42,3,1,0
BRDA:42,4,0,0
BRDA:42,4,1,0
BRDA:42,4,2,0
BRDA:44,5,0,0
BRDA:44,5,1,0
BRDA:60,6,0,0
BRDA:60,6,1,0
BRDA:67,7,0,0
BRDA:67,7,1,0
BRDA:67,8,0,0
BRDA:67,8,1,0
BRF:19
BRH:0
end_of_record
TN:
SF:NodeJS\ServMano\lecteurfichier.js
FN:3,(anonymous_0)
FN:5,(anonymous_1)
FN:11,(anonymous_2)
FN:17,(anonymous_3)
FNF:4
FNH:0
FNDA:0,(anonymous_0)
FNDA:0,(anonymous_1)
FNDA:0,(anonymous_2)
FNDA:0,(anonymous_3)
DA:1,0
DA:3,0
DA:5,0
DA:6,0
DA:7,0
DA:8,0
DA:9,0
DA:11,0
DA:12,0
DA:13,0
DA:16,0
DA:17,0
DA:18,0
DA:24,0
LF:14
LH:0
BRF:0
BRH:0
end_of_record
TN:
SF:NodeJS\ServMano\router.js
FN:1,route
FNF:1
FNH:0
FNDA:0,route
DA:2,0
DA:3,0
DA:4,0
DA:5,0
DA:6,0
DA:8,0
DA:9,0
DA:10,0
DA:11,0
DA:12,0
DA:15,0
LF:11
LH:0
BRDA:4,0,0,0
BRDA:4,0,1,0
BRF:2
BRH:0
end_of_record
TN:
SF:NodeJS\ServMano\serveur.js
FN:12,start
FN:13,onRequest
FN:20,(anonymous_2)
FN:24,(anonymous_3)
FNF:4
FNH:0
FNDA:0,start
FNDA:0,onRequest
FNDA:0,(anonymous_2)
FNDA:0,(anonymous_3)
DA:1,0
DA:2,0
DA:3,0
DA:4,0
DA:5,0
DA:6,0
DA:7,0
DA:8,0
DA:14,0
DA:15,0
DA:16,0
DA:17,0
DA:18,0
DA:20,0
DA:21,0
DA:22,0
DA:24,0
DA:25,0
DA:26,0
DA:30,0
DA:31,0
DA:34,0
LF:22
LH:0
BRF:0
BRH:0
end_of_record
TN:
SF:NodeJS\public\semantic\package.js
FN:12,(anonymous_0)
FNF:1
FNH:0
FNDA:0,(anonymous_0)
DA:2,0
DA:5,0
DA:12,0
DA:14,0
DA:16,0
DA:18,0
LF:6
LH:0
BRF:0
BRH:0
end_of_record
TN:
SF:NodeJS\public\semantic\semantic.js
FN:21,(anonymous_0)
FN:23,(anonymous_1)
FN:52,(anonymous_2)
FN:56,(anonymous_3)
FN:64,(anonymous_4)
FN:70,(anonymous_5)
FN:78,(anonymous_6)
FN:79,(anonymous_7)
FN:80,(anonymous_8)
FN:84,(anonymous_9)
FN:87,(anonymous_10)
FN:89,(anonymous_11)
FN:91,(anonymous_12)
FN:99,(anonymous_13)
FN:105,(anonymous_14)
FN:110,(anonymous_15)
FN:115,(anonymous_16)
FN:125,(anonymous_17)
FN:130,(anonymous_18)
FN:140,(anonymous_19)
FN:151,(anonymous_20)
FN:171,(anonymous_21)
FN:180,(anonymous_22)
FN:200,(anonymous_23)
FN:203,(anonymous_24)
FN:208,(anonymous_25)
FN:215,(anonymous_26)
FN:218,(anonymous_27)
FN:223,(anonymous_28)
FN:230,(anonymous_29)
FN:243,(anonymous_30)
FN:244,(anonymous_31)
FN:245,(anonymous_32)
FN:246,(anonymous_33)
FN:247,(anonymous_34)
FN:248,(anonymous_35)
FN:249,(anonymous_36)
FN:250,(anonymous_37)
FN:251,(anonymous_38)
FN:256,(anonymous_39)
FN:265,(anonymous_40)
FN:276,(anonymous_41)
FN:287,(anonymous_42)
FN:298,(anonymous_43)
FN:309,(anonymous_44)
FN:314,(anonymous_45)
FN:335,(anonymous_46)
FN:342,(anonymous_47)
FN:352,(anonymous_48)
FN:361,(anonymous_49)
FN:373,(anonymous_50)
FN:485,(anonymous_51)
FN:486,(anonymous_52)
FN:490,(anonymous_53)
FN:509,(anonymous_54)
FN:520,(anonymous_55)
FN:535,(anonymous_56)
FN:571,(anonymous_57)
FN:592,(anonymous_58)
FN:600,(anonymous_59)
FN:608,(anonymous_60)
FN:620,(anonymous_61)
FN:627,(anonymous_62)
FN:630,(anonymous_63)
FN:637,(anonymous_64)
FN:652,(anonymous_65)
FN:665,(anonymous_66)
FN:667,(anonymous_67)
FN:698,(anonymous_68)
FN:700,(anonymous_69)
FN:736,(anonymous_70)
FN:740,(anonymous_71)
FN:750,(anonymous_72)
FN:753,(anonymous_73)
FN:761,(anonymous_74)
FN:764,(anonymous_75)
FN:775,(anonymous_76)
FN:778,(anonymous_77)
FN:788,(anonymous_78)
FN:798,(anonymous_79)
FN:815,(anonymous_80)
FN:844,(anonymous_81)
FN:847,(anonymous_82)
FN:865,(anonymous_83)
FN:873,(anonymous_84)
FN:884,(anonymous_85)
FN:893,(anonymous_86)
FN:899,(anonymous_87)
FN:907,(anonymous_88)
FN:915,(anonymous_89)
FN:919,(anonymous_90)
FN:926,(anonymous_91)
FN:932,(anonymous_92)
FN:964,(anonymous_93)
FN:1012,(anonymous_94)
FN:1029,(anonymous_95)
FN:1033,(anonymous_96)
FN:1038,(anonymous_97)
FN:1046,(anonymous_98)
FN:1055,(anonymous_99)
FN:1064,(anonymous_100)
FN:1071,(anonymous_101)
FN:1131,(anonymous_102)
FN:1152,(anonymous_103)
FN:1160,(anonymous_104)
FN:1163,(anonymous_105)
FN:1175,(anonymous_106)
FN:1185,(anonymous_107)
FN:1197,(anonymous_108)
FN:1239,(anonymous_109)
FN:1249,(anonymous_110)
FN:1263,(anonymous_111)
FN:1270,(anonymous_112)
FN:1276,(anonymous_113)
FN:1281,(anonymous_114)
FN:1283,(anonymous_115)
FN:1291,(anonymous_116)
FN:1294,(anonymous_117)
FN:1306,(anonymous_118)
FN:1312,(anonymous_119)
FN:1322,(anonymous_120)
FN:1328,(anonymous_121)
FN:1330,(anonymous_122)
FN:1342,(anonymous_123)
FN:1348,(anonymous_124)
FN:1355,(anonymous_125)
FN:1359,(anonymous_126)
FN:1374,(anonymous_127)
FN:1413,(anonymous_128)
FN:1450,(anonymous_129)
FN:1486,(anonymous_130)
FN:1512,(anonymous_131)
FN:1535,(anonymous_132)
FN:1546,(anonymous_133)
FN:1557,(anonymous_134)
FN:1568,(anonymous_135)
FN:1579,(anonymous_136)
FN:1586,(anonymous_137)
FN:1607,(anonymous_138)
FN:1614,(anonymous_139)
FN:1630,(anonymous_140)
FN:1639,(anonymous_141)
FN:1651,(anonymous_142)
FN:1724,(anonymous_143)
FN:1725,(anonymous_144)
FN:1726,(anonymous_145)
FN:1727,(anonymous_146)
FN:1812,(anonymous_147)
FN:1816,(anonymous_148)
FN:1824,(anonymous_149)
FN:1835,(anonymous_150)
FN:1840,(anonymous_151)
FN:1845,(anonymous_152)
FN:1850,(anonymous_153)
FN:1855,(anonymous_154)
FN:1878,(anonymous_155)
FN:1910,(anonymous_156)
FN:1915,(anonymous_157)
FN:1920,(anonymous_158)
FN:1933,(anonymous_159)
FN:1938,(anonymous_160)
FN:1951,(anonymous_161)
FN:1956,(anonymous_162)
FN:1963,(anonymous_163)
FN:1970,(anonymous_164)
FN:1977,(anonymous_165)
FN:1984,(anonymous_166)
FN:1992,(anonymous_167)
FN:2000,(anonymous_168)
FN:2008,(anonymous_169)
FN:2016,(anonymous_170)
FN:2040,(anonymous_171)
FN:2064,(anonymous_172)
FN:2126,(anonymous_173)
FN:2171,(anonymous_174)
FN:2181,(anonymous_175)
FN:2191,(anonymous_176)
FN:2216,(anonymous_177)
FN:2227,(anonymous_178)
FN:2242,(anonymous_179)
FN:2247,(anonymous_180)
FN:2274,(anonymous_181)
FN:2283,(anonymous_182)
FN:2290,(anonymous_183)
FN:2298,(anonymous_184)
FN:2303,(anonymous_185)
FN:2305,(anonymous_186)
FN:2318,(anonymous_187)
FN:2327,(anonymous_188)
FN:2332,(anonymous_189)
FN:2359,(anonymous_190)
FN:2413,(anonymous_191)
FN:2425,(anonymous_192)
FN:2474,(anonymous_193)
FN:2487,(anonymous_194)
FN:2543,(anonymous_195)
FN:2553,(anonymous_196)
FN:2564,(anonymous_197)
FN:2577,(anonymous_198)
FN:2594,(anonymous_199)
FN:2608,(anonymous_200)
FN:2619,(anonymous_201)
FN:2630,(anonymous_202)
FN:2637,(anonymous_203)
FN:2658,(anonymous_204)
FN:2665,(anonymous_205)
FN:2678,(anonymous_206)
FN:2687,(anonymous_207)
FN:2699,(anonymous_208)
FN:2784,(anonymous_209)
FN:2785,(anonymous_210)
FN:2786,(anonymous_211)
FN:2788,(anonymous_212)
FN:2789,(anonymous_213)
FN:2790,(anonymous_214)
FN:2812,(anonymous_215)
FN:2830,(anonymous_216)
FN:2841,(anonymous_217)
FN:2856,(anonymous_218)
FN:2884,(anonymous_219)
FN:2898,(anonymous_220)
FN:2906,(anonymous_221)
FN:2914,(anonymous_222)
FN:2923,(anonymous_223)
FN:2940,(anonymous_224)
FN:2947,(anonymous_225)
FN:2953,(anonymous_226)
FN:2959,(anonymous_227)
FN:2961,(anonymous_228)
FN:2973,(anonymous_229)
FN:2993,(anonymous_230)
FN:3009,(anonymous_231)
FN:3032,(anonymous_232)
FN:3039,(anonymous_233)
FN:3051,(anonymous_234)
FN:3063,(anonymous_235)
FN:3076,(anonymous_236)
FN:3089,(anonymous_237)
FN:3101,(anonymous_238)
FN:3114,(anonymous_239)
FN:3120,(anonymous_240)
FN:3123,(anonymous_241)
FN:3129,(anonymous_242)
FN:3132,(anonymous_243)
FN:3135,(anonymous_244)
FN:3138,(anonymous_245)
FN:3141,(anonymous_246)
FN:3144,(anonymous_247)
FN:3147,(anonymous_248)
FN:3150,(anonymous_249)
FN:3156,(anonymous_250)
FN:3167,(anonymous_251)
FN:3178,(anonymous_252)
FN:3189,(anonymous_253)
FN:3200,(anonymous_254)
FN:3203,(anonymous_255)
FN:3209,(anonymous_256)
FN:3212,(anonymous_257)
FN:3221,(anonymous_258)
FN:3224,(anonymous_259)
FN:3244,(anonymous_260)
FN:3261,(anonymous_261)
FN:3276,(anonymous_262)
FN:3290,(anonymous_263)
FN:3305,(anonymous_264)
FN:3318,(anonymous_265)
FN:3327,(anonymous_266)
FN:3333,(anonymous_267)
FN:3348,(anonymous_268)
FN:3361,(anonymous_269)
FN:3367,(anonymous_270)
FN:3378,(anonymous_271)
FN:3386,(anonymous_272)
FN:3394,(anonymous_273)
FN:3410,(anonymous_274)
FN:3427,(anonymous_275)
FN:3438,(anonymous_276)
FN:3449,(anonymous_277)
FN:3460,(anonymous_278)
FN:3467,(anonymous_279)
FN:3488,(anonymous_280)
FN:3495,(anonymous_281)
FN:3508,(anonymous_282)
FN:3517,(anonymous_283)
FN:3529,(anonymous_284)
FN:3608,(anonymous_285)
FN:3610,(anonymous_286)
FN:3611,(anonymous_287)
FN:3612,(anonymous_288)
FN:3613,(anonymous_289)
FN:3615,(anonymous_290)
FN:3616,(anonymous_291)
FN:3618,(anonymous_292)
FN:3619,(anonymous_293)
FN:3621,(anonymous_294)
FN:3622,(anonymous_295)
FN:3625,(anonymous_296)
FN:3626,(anonymous_297)
FN:3662,(anonymous_298)
FN:3673,(anonymous_299)
FN:3688,(anonymous_300)
FN:3718,(anonymous_301)
FN:3740,(anonymous_302)
FN:3748,(anonymous_303)
FN:3756,(anonymous_304)
FN:3766,(anonymous_305)
FN:3793,(anonymous_306)
FN:3804,(anonymous_307)
FN:3813,(anonymous_308)
FN:3823,(anonymous_309)
FN:3837,(anonymous_310)
FN:3840,(anonymous_311)
FN:3854,(anonymous_312)
FN:3857,(anonymous_313)
FN:3870,(anonymous_314)
FN:3881,(anonymous_315)
FN:3884,(anonymous_316)
FN:3907,(anonymous_317)
FN:3910,(anonymous_318)
FN:3930,(anonymous_319)
FN:3938,(anonymous_320)
FN:3941,(anonymous_321)
FN:3954,(anonymous_322)
FN:3957,(anonymous_323)
FN:3970,(anonymous_324)
FN:3981,(anonymous_325)
FN:3984,(anonymous_326)
FN:3998,(anonymous_327)
FN:4009,(anonymous_328)
FN:4012,(anonymous_329)
FN:4015,(anonymous_330)
FN:4024,(anonymous_331)
FN:4027,(anonymous_332)
FN:4030,(anonymous_333)
FN:4033,(anonymous_334)
FN:4036,(anonymous_335)
FN:4039,(anonymous_336)
FN:4042,(anonymous_337)
FN:4048,(anonymous_338)
FN:4054,(anonymous_339)
FN:4072,(anonymous_340)
FN:4075,(anonymous_341)
FN:4078,(anonymous_342)
FN:4081,(anonymous_343)
FN:4084,(anonymous_344)
FN:4087,(anonymous_345)
FN:4090,(anonymous_346)
FN:4099,(anonymous_347)
FN:4104,(anonymous_348)
FN:4107,(anonymous_349)
FN:4110,(anonymous_350)
FN:4113,(anonymous_351)
FN:4121,(anonymous_352)
FN:4138,(anonymous_353)
FN:4149,(anonymous_354)
FN:4160,(anonymous_355)
FN:4171,(anonymous_356)
FN:4178,(anonymous_357)
FN:4199,(anonymous_358)
FN:4206,(anonymous_359)
FN:4222,(anonymous_360)
FN:4231,(anonymous_361)
FN:4243,(anonymous_362)
FN:4350,(anonymous_363)
FN:4351,(anonymous_364)
FN:4352,(anonymous_365)
FN:4377,(anonymous_366)
FN:4396,(anonymous_367)
FN:4407,(anonymous_368)
FN:4425,(anonymous_369)
FN:4478,(anonymous_370)
FN:4506,(anonymous_371)
FN:4514,(anonymous_372)
FN:4531,(anonymous_373)
FN:4542,(anonymous_374)
FN:4547,(anonymous_375)
FN:4554,(anonymous_376)
FN:4562,(anonymous_377)
FN:4573,(anonymous_378)
FN:4578,(anonymous_379)
FN:4593,(anonymous_380)
FN:4615,(anonymous_381)
FN:4621,(anonymous_382)
FN:4627,(anonymous_383)
FN:4633,(anonymous_384)
FN:4641,(anonymous_385)
FN:4656,(anonymous_386)
FN:4666,(anonymous_387)
FN:4685,(anonymous_388)
FN:4701,(anonymous_389)
FN:4724,(anonymous_390)
FN:4770,(anonymous_391)
FN:4774,(anonymous_392)
FN:4783,(anonymous_393)
FN:4793,(anonymous_394)
FN:4798,(anonymous_395)
FN:4802,(anonymous_396)
FN:4816,(anonymous_397)
FN:4824,(anonymous_398)
FN:4837,(anonymous_399)
FN:4847,(anonymous_400)
FN:4850,(anonymous_401)
FN:4865,(anonymous_402)
FN:4879,(anonymous_403)
FN:4882,(anonymous_404)
FN:4887,(anonymous_405)
FN:4895,(anonymous_406)
FN:4904,(anonymous_407)
FN:4911,(anonymous_408)
FN:4920,(anonymous_409)
FN:4928,(anonymous_410)
FN:4942,(anonymous_411)
FN:4958,(anonymous_412)
FN:4964,(anonymous_413)
FN:5030,(anonymous_414)
FN:5045,(anonymous_415)
FN:5059,(anonymous_416)
FN:5064,(anonymous_417)
FN:5107,(anonymous_418)
FN:5124,(anonymous_419)
FN:5133,(anonymous_420)
FN:5137,(anonymous_421)
FN:5141,(anonymous_422)
FN:5169,(anonymous_423)
FN:5184,(anonymous_424)
FN:5233,(anonymous_425)
FN:5259,(anonymous_426)
FN:5267,(anonymous_427)
FN:5275,(anonymous_428)
FN:5288,(anonymous_429)
FN:5314,(anonymous_430)
FN:5320,(anonymous_431)
FN:5331,(anonymous_432)
FN:5337,(anonymous_433)
FN:5342,(anonymous_434)
FN:5349,(anonymous_435)
FN:5359,(anonymous_436)
FN:5368,(anonymous_437)
FN:5383,(anonymous_438)
FN:5392,(anonymous_439)
FN:5406,(anonymous_440)
FN:5416,(anonymous_441)
FN:5421,(anonymous_442)
FN:5429,(anonymous_443)
FN:5455,(anonymous_444)
FN:5470,(anonymous_445)
FN:5483,(anonymous_446)
FN:5484,(anonymous_447)
FN:5486,(anonymous_448)
FN:5496,(anonymous_449)
FN:5501,(anonymous_450)
FN:5506,(anonymous_451)
FN:5522,(anonymous_452)
FN:5544,(anonymous_453)
FN:5547,(anonymous_454)
FN:5552,(anonymous_455)
FN:5563,(anonymous_456)
FN:5565,(anonymous_457)
FN:5573,(anonymous_458)
FN:5579,(anonymous_459)
FN:5585,(anonymous_460)
FN:5622,(anonymous_461)
FN:5735,(anonymous_462)
FN:5921,(anonymous_463)
FN:5935,(anonymous_464)
FN:5949,(anonymous_465)
FN:5957,(anonymous_466)
FN:5969,(anonymous_467)
FN:5979,(anonymous_468)
FN:5995,(anonymous_469)
FN:5997,(anonymous_470)
FN:6013,(anonymous_471)
FN:6029,(anonymous_472)
FN:6038,(anonymous_473)
FN:6046,(anonymous_474)
FN:6049,(anonymous_475)
FN:6052,(anonymous_476)
FN:6055,(anonymous_477)
FN:6061,(anonymous_478)
FN:6064,(anonymous_479)
FN:6067,(anonymous_480)
FN:6076,(anonymous_481)
FN:6091,(anonymous_482)
FN:6099,(anonymous_483)
FN:6110,(anonymous_484)
FN:6114,(anonymous_485)
FN:6115,(anonymous_486)
FN:6119,(anonymous_487)
FN:6136,(anonymous_488)
FN:6149,(anonymous_489)
FN:6163,(anonymous_490)
FN:6172,(anonymous_491)
FN:6187,(anonymous_492)
FN:6207,(anonymous_493)
FN:6219,(anonymous_494)
FN:6233,(anonymous_495)
FN:6240,(anonymous_496)
FN:6266,(anonymous_497)
FN:6279,(anonymous_498)
FN:6282,(anonymous_499)
FN:6291,(anonymous_500)
FN:6305,(anonymous_501)
FN:6328,(anonymous_502)
FN:6368,(anonymous_503)
FN:6397,(anonymous_504)
FN:6402,(anonymous_505)
FN:6416,(anonymous_506)
FN:6419,(anonymous_507)
FN:6435,(anonymous_508)
FN:6446,(anonymous_509)
FN:6456,(anonymous_510)
FN:6467,(anonymous_511)
FN:6474,(anonymous_512)
FN:6479,(anonymous_513)
FN:6488,(anonymous_514)
FN:6505,(anonymous_515)
FN:6510,(anonymous_516)
FN:6517,(anonymous_517)
FN:6524,(anonymous_518)
FN:6534,(anonymous_519)
FN:6544,(anonymous_520)
FN:6556,(anonymous_521)
FN:6560,(anonymous_522)
FN:6609,(anonymous_523)
FN:6634,(anonymous_524)
FN:6637,(anonymous_525)
FN:6640,(anonymous_526)
FN:6646,(anonymous_527)
FN:6669,(anonymous_528)
FN:6673,(anonymous_529)
FN:6681,(anonymous_530)
FN:6687,(anonymous_531)
FN:6729,(anonymous_532)
FN:6757,(anonymous_533)
FN:6770,(anonymous_534)
FN:6787,(anonymous_535)
FN:6806,(anonymous_536)
FN:6825,(anonymous_537)
FN:6829,(anonymous_538)
FN:6833,(anonymous_539)
FN:6890,(anonymous_540)
FN:6895,(anonymous_541)
FN:6898,(anonymous_542)
FN:6901,(anonymous_543)
FN:6906,(anonymous_544)
FN:6931,(anonymous_545)
FN:6979,(anonymous_546)
FN:6985,(anonymous_547)
FN:7025,(anonymous_548)
FN:7043,(anonymous_549)
FN:7067,(anonymous_550)
FN:7114,(anonymous_551)
FN:7138,(anonymous_552)
FN:7183,(anonymous_553)
FN:7186,(anonymous_554)
FN:7189,(anonymous_555)
FN:7192,(anonymous_556)
FN:7195,(anonymous_557)
FN:7198,(anonymous_558)
FN:7202,(anonymous_559)
FN:7206,(anonymous_560)
FN:7209,(anonymous_561)
FN:7212,(anonymous_562)
FN:7224,(anonymous_563)
FN:7247,(anonymous_564)
FN:7250,(anonymous_565)
FN:7253,(anonymous_566)
FN:7258,(anonymous_567)
FN:7261,(anonymous_568)
FN:7272,(anonymous_569)
FN:7306,(anonymous_570)
FN:7309,(anonymous_571)
FN:7333,(anonymous_572)
FN:7337,(anonymous_573)
FN:7343,(anonymous_574)
FN:7351,(anonymous_575)
FN:7356,(anonymous_576)
FN:7360,(anonymous_577)
FN:7385,(anonymous_578)
FN:7405,(anonymous_579)
FN:7411,(anonymous_580)
FN:7414,(anonymous_581)
FN:7417,(anonymous_582)
FN:7420,(anonymous_583)
FN:7423,(anonymous_584)
FN:7433,(anonymous_585)
FN:7446,(anonymous_586)
FN:7449,(anonymous_587)
FN:7452,(anonymous_588)
FN:7455,(anonymous_589)
FN:7458,(anonymous_590)
FN:7468,(anonymous_591)
FN:7471,(anonymous_592)
FN:7477,(anonymous_593)
FN:7480,(anonymous_594)
FN:7483,(anonymous_595)
FN:7489,(anonymous_596)
FN:7501,(anonymous_597)
FN:7509,(anonymous_598)
FN:7520,(anonymous_599)
FN:7523,(anonymous_600)
FN:7526,(anonymous_601)
FN:7529,(anonymous_602)
FN:7532,(anonymous_603)
FN:7535,(anonymous_604)
FN:7538,(anonymous_605)
FN:7544,(anonymous_606)
FN:7548,(anonymous_607)
FN:7551,(anonymous_608)
FN:7554,(anonymous_609)
FN:7557,(anonymous_610)
FN:7560,(anonymous_611)
FN:7563,(anonymous_612)
FN:7566,(anonymous_613)
FN:7570,(anonymous_614)
FN:7578,(anonymous_615)
FN:7581,(anonymous_616)
FN:7584,(anonymous_617)
FN:7587,(anonymous_618)
FN:7591,(anonymous_619)
FN:7599,(anonymous_620)
FN:7602,(anonymous_621)
FN:7605,(anonymous_622)
FN:7608,(anonymous_623)
FN:7611,(anonymous_624)
FN:7615,(anonymous_625)
FN:7621,(anonymous_626)
FN:7629,(anonymous_627)
FN:7640,(anonymous_628)
FN:7652,(anonymous_629)
FN:7697,(anonymous_630)
FN:7731,(anonymous_631)
FN:7734,(anonymous_632)
FN:7737,(anonymous_633)
FN:7740,(anonymous_634)
FN:7746,(anonymous_635)
FN:7750,(anonymous_636)
FN:7751,(anonymous_637)
FN:7760,(anonymous_638)
FN:7783,(anonymous_639)
FN:7794,(anonymous_640)
FN:7801,(anonymous_641)
FN:7802,(anonymous_642)
FN:7812,(anonymous_643)
FN:7831,(anonymous_644)
FN:7844,(anonymous_645)
FN:7850,(anonymous_646)
FN:7860,(anonymous_647)
FN:7865,(anonymous_648)
FN:7873,(anonymous_649)
FN:7886,(anonymous_650)
FN:7893,(anonymous_651)
FN:7899,(anonymous_652)
FN:7916,(anonymous_653)
FN:7927,(anonymous_654)
FN:7938,(anonymous_655)
FN:7949,(anonymous_656)
FN:7956,(anonymous_657)
FN:7977,(anonymous_658)
FN:7984,(anonymous_659)
FN:7997,(anonymous_660)
FN:8006,(anonymous_661)
FN:8018,(anonymous_662)
FN:8154,(anonymous_663)
FN:8155,(anonymous_664)
FN:8156,(anonymous_665)
FN:8158,(anonymous_666)
FN:8159,(anonymous_667)
FN:8160,(anonymous_668)
FN:8161,(anonymous_669)
FN:8162,(anonymous_670)
FN:8163,(anonymous_671)
FN:8276,(anonymous_672)
FN:8290,(anonymous_673)
FN:8301,(anonymous_674)
FN:8306,(anonymous_675)
FN:8323,(anonymous_676)
FN:8329,(anonymous_677)
FN:8334,(anonymous_678)
FN:8352,(anonymous_679)
FN:8363,(anonymous_680)
FN:8381,(anonymous_681)
FN:8411,(anonymous_682)
FN:8419,(anonymous_683)
FN:8427,(anonymous_684)
FN:8436,(anonymous_685)
FN:8444,(anonymous_686)
FN:8455,(anonymous_687)
FN:8467,(anonymous_688)
FN:8478,(anonymous_689)
FN:8490,(anonymous_690)
FN:8496,(anonymous_691)
FN:8502,(anonymous_692)
FN:8523,(anonymous_693)
FN:8533,(anonymous_694)
FN:8539,(anonymous_695)
FN:8544,(anonymous_696)
FN:8551,(anonymous_697)
FN:8554,(anonymous_698)
FN:8557,(anonymous_699)
FN:8565,(anonymous_700)
FN:8573,(anonymous_701)
FN:8580,(anonymous_702)
FN:8591,(anonymous_703)
FN:8596,(anonymous_704)
FN:8602,(anonymous_705)
FN:8611,(anonymous_706)
FN:8620,(anonymous_707)
FN:8639,(anonymous_708)
FN:8645,(anonymous_709)
FN:8654,(anonymous_710)
FN:8657,(anonymous_711)
FN:8663,(anonymous_712)
FN:8676,(anonymous_713)
FN:8693,(anonymous_714)
FN:8709,(anonymous_715)
FN:8712,(anonymous_716)
FN:8718,(anonymous_717)
FN:8727,(anonymous_718)
FN:8732,(anonymous_719)
FN:8749,(anonymous_720)
FN:8760,(anonymous_721)
FN:8771,(anonymous_722)
FN:8782,(anonymous_723)
FN:8789,(anonymous_724)
FN:8810,(anonymous_725)
FN:8817,(anonymous_726)
FN:8833,(anonymous_727)
FN:8842,(anonymous_728)
FN:8854,(anonymous_729)
FN:8942,(anonymous_730)
FN:8943,(anonymous_731)
FN:8944,(anonymous_732)
FN:8945,(anonymous_733)
FN:8946,(anonymous_734)
FN:8981,(anonymous_735)
FN:8998,(anonymous_736)
FN:9012,(anonymous_737)
FN:9023,(anonymous_738)
FN:9039,(anonymous_739)
FN:9040,(anonymous_740)
FN:9041,(anonymous_741)
FN:9059,(anonymous_742)
FN:9070,(anonymous_743)
FN:9090,(anonymous_744)
FN:9096,(anonymous_745)
FN:9132,(anonymous_746)
FN:9146,(anonymous_747)
FN:9155,(anonymous_748)
FN:9181,(anonymous_749)
FN:9188,(anonymous_750)
FN:9200,(anonymous_751)
FN:9202,(anonymous_752)
FN:9214,(anonymous_753)
FN:9224,(anonymous_754)
FN:9229,(anonymous_755)
FN:9250,(anonymous_756)
FN:9261,(anonymous_757)
FN:9268,(anonymous_758)
FN:9274,(anonymous_759)
FN:9280,(anonymous_760)
FN:9286,(anonymous_761)
FN:9290,(anonymous_762)
FN:9293,(anonymous_763)
FN:9299,(anonymous_764)
FN:9303,(anonymous_765)
FN:9306,(anonymous_766)
FN:9327,(anonymous_767)
FN:9331,(anonymous_768)
FN:9347,(anonymous_769)
FN:9354,(anonymous_770)
FN:9363,(anonymous_771)
FN:9366,(anonymous_772)
FN:9375,(anonymous_773)
FN:9378,(anonymous_774)
FN:9384,(anonymous_775)
FN:9387,(anonymous_776)
FN:9421,(anonymous_777)
FN:9446,(anonymous_778)
FN:9449,(anonymous_779)
FN:9467,(anonymous_780)
FN:9475,(anonymous_781)
FN:9490,(anonymous_782)
FN:9500,(anonymous_783)
FN:9503,(anonymous_784)
FN:9514,(anonymous_785)
FN:9520,(anonymous_786)
FN:9531,(anonymous_787)
FN:9537,(anonymous_788)
FN:9548,(anonymous_789)
FN:9551,(anonymous_790)
FN:9558,(anonymous_791)
FN:9567,(anonymous_792)
FN:9579,(anonymous_793)
FN:9587,(anonymous_794)
FN:9590,(anonymous_795)
FN:9593,(anonymous_796)
FN:9598,(anonymous_797)
FN:9602,(anonymous_798)
FN:9608,(anonymous_799)
FN:9614,(anonymous_800)
FN:9620,(anonymous_801)
FN:9626,(anonymous_802)
FN:9650,(anonymous_803)
FN:9656,(anonymous_804)
FN:9674,(anonymous_805)
FN:9677,(anonymous_806)
FN:9684,(anonymous_807)
FN:9690,(anonymous_808)
FN:9693,(anonymous_809)
FN:9700,(anonymous_810)
FN:9712,(anonymous_811)
FN:9717,(anonymous_812)
FN:9746,(anonymous_813)
FN:9760,(anonymous_814)
FN:9775,(anonymous_815)
FN:9786,(anonymous_816)
FN:9789,(anonymous_817)
FN:9794,(anonymous_818)
FN:9797,(anonymous_819)
FN:9810,(anonymous_820)
FN:9815,(anonymous_821)
FN:9832,(anonymous_822)
FN:9843,(anonymous_823)
FN:9854,(anonymous_824)
FN:9865,(anonymous_825)
FN:9872,(anonymous_826)
FN:9893,(anonymous_827)
FN:9900,(anonymous_828)
FN:9913,(anonymous_829)
FN:9922,(anonymous_830)
FN:9934,(anonymous_831)
FN:10041,(anonymous_832)
FN:10044,(anonymous_833)
FN:10047,(anonymous_834)
FN:10050,(anonymous_835)
FN:10053,(anonymous_836)
FN:10056,(anonymous_837)
FN:10094,(anonymous_838)
FN:10105,(anonymous_839)
FN:10119,(anonymous_840)
FN:10160,(anonymous_841)
FN:10164,(anonymous_842)
FN:10185,(anonymous_843)
FN:10193,(anonymous_844)
FN:10209,(anonymous_845)
FN:10223,(anonymous_846)
FN:10231,(anonymous_847)
FN:10241,(anonymous_848)
FN:10256,(anonymous_849)
FN:10273,(anonymous_850)
FN:10278,(anonymous_851)
FN:10299,(anonymous_852)
FN:10321,(anonymous_853)
FN:10341,(anonymous_854)
FN:10358,(anonymous_855)
FN:10369,(anonymous_856)
FN:10380,(anonymous_857)
FN:10391,(anonymous_858)
FN:10398,(anonymous_859)
FN:10419,(anonymous_860)
FN:10426,(anonymous_861)
FN:10439,(anonymous_862)
FN:10448,(anonymous_863)
FN:10460,(anonymous_864)
FN:10579,(anonymous_865)
FN:10585,(anonymous_866)
FN:10602,(anonymous_867)
FN:10613,(anonymous_868)
FN:10633,(anonymous_869)
FN:10675,(anonymous_870)
FN:10688,(anonymous_871)
FN:10696,(anonymous_872)
FN:10707,(anonymous_873)
FN:10746,(anonymous_874)
FN:10751,(anonymous_875)
FN:10772,(anonymous_876)
FN:10783,(anonymous_877)
FN:10792,(anonymous_878)
FN:10796,(anonymous_879)
FN:10801,(anonymous_880)
FN:10802,(anonymous_881)
FN:10804,(anonymous_882)
FN:10813,(anonymous_883)
FN:10831,(anonymous_884)
FN:10893,(anonymous_885)
FN:10900,(anonymous_886)
FN:10913,(anonymous_887)
FN:10914,(anonymous_888)
FN:10938,(anonymous_889)
FN:10939,(anonymous_890)
FN:10952,(anonymous_891)
FN:10955,(anonymous_892)
FN:10963,(anonymous_893)
FN:10978,(anonymous_894)
FN:10988,(anonymous_895)
FN:10999,(anonymous_896)
FN:11008,(anonymous_897)
FN:11013,(anonymous_898)
FN:11014,(anonymous_899)
FN:11024,(anonymous_900)
FN:11036,(anonymous_901)
FN:11037,(anonymous_902)
FN:11051,(anonymous_903)
FN:11066,(anonymous_904)
FN:11072,(anonymous_905)
FN:11076,(anonymous_906)
FN:11080,(anonymous_907)
FN:11084,(anonymous_908)
FN:11088,(anonymous_909)
FN:11091,(anonymous_910)
FN:11094,(anonymous_911)
FN:11184,(anonymous_912)
FN:11187,(anonymous_913)
FN:11196,(anonymous_914)
FN:11199,(anonymous_915)
FN:11208,(anonymous_916)
FN:11231,(anonymous_917)
FN:11258,(anonymous_918)
FN:11270,(anonymous_919)
FN:11330,(anonymous_920)
FN:11395,(anonymous_921)
FN:11529,(anonymous_922)
FN:11535,(anonymous_923)
FN:11543,(anonymous_924)
FN:11549,(anonymous_925)
FN:11552,(anonymous_926)
FN:11559,(anonymous_927)
FN:11562,(anonymous_928)
FN:11570,(anonymous_929)
FN:11593,(anonymous_930)
FN:11602,(anonymous_931)
FN:11613,(anonymous_932)
FN:11619,(anonymous_933)
FN:11622,(anonymous_934)
FN:11628,(anonymous_935)
FN:11631,(anonymous_936)
FN:11640,(anonymous_937)
FN:11648,(anonymous_938)
FN:11659,(anonymous_939)
FN:11665,(anonymous_940)
FN:11671,(anonymous_941)
FN:11680,(anonymous_942)
FN:11685,(anonymous_943)
FN:11698,(anonymous_944)
FN:11701,(anonymous_945)
FN:11704,(anonymous_946)
FN:11707,(anonymous_947)
FN:11710,(anonymous_948)
FN:11713,(anonymous_949)
FN:11716,(anonymous_950)
FN:11719,(anonymous_951)
FN:11722,(anonymous_952)
FN:11727,(anonymous_953)
FN:11741,(anonymous_954)
FN:11752,(anonymous_955)
FN:11763,(anonymous_956)
FN:11774,(anonymous_957)
FN:11785,(anonymous_958)
FN:11792,(anonymous_959)
FN:11813,(anonymous_960)
FN:11820,(anonymous_961)
FN:11833,(anonymous_962)
FN:11842,(anonymous_963)
FN:11854,(anonymous_964)
FN:11933,(anonymous_965)
FN:11936,(anonymous_966)
FN:11939,(anonymous_967)
FN:11942,(anonymous_968)
FN:11945,(anonymous_969)
FN:11948,(anonymous_970)
FN:11951,(anonymous_971)
FN:12080,(anonymous_972)
FN:12092,(anonymous_973)
FN:12101,(anonymous_974)
FN:12135,(anonymous_975)
FN:12154,(anonymous_976)
FN:12171,(anonymous_977)
FN:12201,(anonymous_978)
FN:12213,(anonymous_979)
FN:12220,(anonymous_980)
FN:12228,(anonymous_981)
FN:12233,(anonymous_982)
FN:12241,(anonymous_983)
FN:12263,(anonymous_984)
FN:12281,(anonymous_985)
FN:12286,(anonymous_986)
FN:12291,(anonymous_987)
FN:12298,(anonymous_988)
FN:12320,(anonymous_989)
FN:12343,(anonymous_990)
FN:12346,(anonymous_991)
FN:12352,(anonymous_992)
FN:12374,(anonymous_993)
FN:12392,(anonymous_994)
FN:12399,(anonymous_995)
FN:12404,(anonymous_996)
FN:12413,(anonymous_997)
FN:12432,(anonymous_998)
FN:12447,(anonymous_999)
FN:12450,(anonymous_1000)
FN:12453,(anonymous_1001)
FN:12459,(anonymous_1002)
FN:12460,(anonymous_1003)
FN:12468,(anonymous_1004)
FN:12471,(anonymous_1005)
FN:12474,(anonymous_1006)
FN:12477,(anonymous_1007)
FN:12480,(anonymous_1008)
FN:12483,(anonymous_1009)
FN:12489,(anonymous_1010)
FN:12496,(anonymous_1011)
FN:12500,(anonymous_1012)
FN:12506,(anonymous_1013)
FN:12510,(anonymous_1014)
FN:12514,(anonymous_1015)
FN:12518,(anonymous_1016)
FN:12525,(anonymous_1017)
FN:12541,(anonymous_1018)
FN:12554,(anonymous_1019)
FN:12584,(anonymous_1020)
FN:12586,(anonymous_1021)
FN:12596,(anonymous_1022)
FN:12607,(anonymous_1023)
FN:12612,(anonymous_1024)
FN:12620,(anonymous_1025)
FN:12645,(anonymous_1026)
FN:12658,(anonymous_1027)
FN:12671,(anonymous_1028)
FN:12675,(anonymous_1029)
FN:12691,(anonymous_1030)
FN:12695,(anonymous_1031)
FN:12707,(anonymous_1032)
FN:12711,(anonymous_1033)
FN:12723,(anonymous_1034)
FN:12727,(anonymous_1035)
FN:12730,(anonymous_1036)
FN:12733,(anonymous_1037)
FN:12736,(anonymous_1038)
FN:12747,(anonymous_1039)
FN:12753,(anonymous_1040)
FN:12763,(anonymous_1041)
FN:12786,(anonymous_1042)
FN:12803,(anonymous_1043)
FN:12814,(anonymous_1044)
FN:12825,(anonymous_1045)
FN:12836,(anonymous_1046)
FN:12843,(anonymous_1047)
FN:12864,(anonymous_1048)
FN:12871,(anonymous_1049)
FN:12884,(anonymous_1050)
FN:12893,(anonymous_1051)
FN:12905,(anonymous_1052)
FN:13004,(anonymous_1053)
FN:13007,(anonymous_1054)
FN:13008,(anonymous_1055)
FN:13009,(anonymous_1056)
FN:13010,(anonymous_1057)
FN:13011,(anonymous_1058)
FN:13067,(anonymous_1059)
FN:13078,(anonymous_1060)
FN:13092,(anonymous_1061)
FN:13119,(anonymous_1062)
FN:13138,(anonymous_1063)
FN:13146,(anonymous_1064)
FN:13154,(anonymous_1065)
FN:13159,(anonymous_1066)
FN:13173,(anonymous_1067)
FN:13190,(anonymous_1068)
FN:13198,(anonymous_1069)
FN:13216,(anonymous_1070)
FN:13222,(anonymous_1071)
FN:13233,(anonymous_1072)
FN:13239,(anonymous_1073)
FN:13244,(anonymous_1074)
FN:13252,(anonymous_1075)
FN:13261,(anonymous_1076)
FN:13267,(anonymous_1077)
FN:13274,(anonymous_1078)
FN:13281,(anonymous_1079)
FN:13291,(anonymous_1080)
FN:13317,(anonymous_1081)
FN:13322,(anonymous_1082)
FN:13339,(anonymous_1083)
FN:13350,(anonymous_1084)
FN:13361,(anonymous_1085)
FN:13372,(anonymous_1086)
FN:13379,(anonymous_1087)
FN:13400,(anonymous_1088)
FN:13407,(anonymous_1089)
FN:13423,(anonymous_1090)
FN:13432,(anonymous_1091)
FN:13444,(anonymous_1092)
FN:13524,(anonymous_1093)
FN:13549,(anonymous_1094)
FN:13576,(anonymous_1095)
FN:13587,(anonymous_1096)
FN:13601,(anonymous_1097)
FN:13636,(anonymous_1098)
FN:13645,(anonymous_1099)
FN:13652,(anonymous_1100)
FN:13660,(anonymous_1101)
FN:13669,(anonymous_1102)
FN:13675,(anonymous_1103)
FN:13701,(anonymous_1104)
FN:13711,(anonymous_1105)
FN:13714,(anonymous_1106)
FN:13724,(anonymous_1107)
FN:13727,(anonymous_1108)
FN:13734,(anonymous_1109)
FN:13737,(anonymous_1110)
FN:13750,(anonymous_1111)
FN:13768,(anonymous_1112)
FN:13771,(anonymous_1113)
FN:13774,(anonymous_1114)
FN:13816,(anonymous_1115)
FN:13900,(anonymous_1116)
FN:13910,(anonymous_1117)
FN:13914,(anonymous_1118)
FN:13918,(anonymous_1119)
FN:13931,(anonymous_1120)
FN:13934,(anonymous_1121)
FN:13937,(anonymous_1122)
FN:13943,(anonymous_1123)
FN:13946,(anonymous_1124)
FN:13949,(anonymous_1125)
FN:13959,(anonymous_1126)
FN:13962,(anonymous_1127)
FN:13965,(anonymous_1128)
FN:13971,(anonymous_1129)
FN:13977,(anonymous_1130)
FN:13988,(anonymous_1131)
FN:13991,(anonymous_1132)
FN:13997,(anonymous_1133)
FN:14012,(anonymous_1134)
FN:14031,(anonymous_1135)
FN:14038,(anonymous_1136)
FN:14041,(anonymous_1137)
FN:14044,(anonymous_1138)
FN:14050,(anonymous_1139)
FN:14056,(anonymous_1140)
FN:14062,(anonymous_1141)
FN:14065,(anonymous_1142)
FN:14068,(anonymous_1143)
FN:14073,(anonymous_1144)
FN:14076,(anonymous_1145)
FN:14082,(anonymous_1146)
FN:14113,(anonymous_1147)
FN:14139,(anonymous_1148)
FN:14142,(anonymous_1149)
FN:14152,(anonymous_1150)
FN:14161,(anonymous_1151)
FN:14189,(anonymous_1152)
FN:14190,(anonymous_1153)
FN:14215,(anonymous_1154)
FN:14223,(anonymous_1155)
FN:14254,(anonymous_1156)
FN:14274,(anonymous_1157)
FN:14282,(anonymous_1158)
FN:14289,(anonymous_1159)
FN:14301,(anonymous_1160)
FN:14318,(anonymous_1161)
FN:14334,(anonymous_1162)
FN:14338,(anonymous_1163)
FN:14355,(anonymous_1164)
FN:14375,(anonymous_1165)
FN:14386,(anonymous_1166)
FN:14404,(anonymous_1167)
FN:14413,(anonymous_1168)
FN:14415,(anonymous_1169)
FN:14430,(anonymous_1170)
FN:14446,(anonymous_1171)
FN:14453,(anonymous_1172)
FN:14469,(anonymous_1173)
FN:14487,(anonymous_1174)
FN:14493,(anonymous_1175)
FN:14496,(anonymous_1176)
FN:14510,(anonymous_1177)
FN:14527,(anonymous_1178)
FN:14530,(anonymous_1179)
FN:14541,(anonymous_1180)
FN:14559,(anonymous_1181)
FN:14592,(anonymous_1182)
FN:14599,(anonymous_1183)
FN:14610,(anonymous_1184)
FN:14621,(anonymous_1185)
FN:14632,(anonymous_1186)
FN:14643,(anonymous_1187)
FN:14650,(anonymous_1188)
FN:14671,(anonymous_1189)
FN:14678,(anonymous_1190)
FN:14694,(anonymous_1191)
FN:14703,(anonymous_1192)
FN:14715,(anonymous_1193)
FN:14846,(anonymous_1194)
FN:14847,(anonymous_1195)
FN:14849,(anonymous_1196)
FN:14850,(anonymous_1197)
FN:14913,(anonymous_1198)
FN:14925,(anonymous_1199)
FN:14934,(anonymous_1200)
FN:14956,(anonymous_1201)
FN:14964,(anonymous_1202)
FN:14975,(anonymous_1203)
FN:15020,(anonymous_1204)
FN:15027,(anonymous_1205)
FN:15082,(anonymous_1206)
FN:15093,(anonymous_1207)
FN:15109,(anonymous_1208)
FN:15115,(anonymous_1209)
FN:15150,(anonymous_1210)
FN:15156,(anonymous_1211)
FN:15164,(anonymous_1212)
FN:15172,(anonymous_1213)
FN:15179,(anonymous_1214)
FN:15187,(anonymous_1215)
FN:15189,(anonymous_1216)
FN:15208,(anonymous_1217)
FN:15222,(anonymous_1218)
FN:15225,(anonymous_1219)
FN:15227,(anonymous_1220)
FN:15234,(anonymous_1221)
FN:15259,(anonymous_1222)
FN:15262,(anonymous_1223)
FN:15269,(anonymous_1224)
FN:15280,(anonymous_1225)
FN:15300,(anonymous_1226)
FN:15314,(anonymous_1227)
FN:15348,(anonymous_1228)
FN:15359,(anonymous_1229)
FN:15374,(anonymous_1230)
FN:15393,(anonymous_1231)
FN:15412,(anonymous_1232)
FN:15431,(anonymous_1233)
FN:15450,(anonymous_1234)
FN:15466,(anonymous_1235)
FN:15487,(anonymous_1236)
FN:15499,(anonymous_1237)
FN:15511,(anonymous_1238)
FN:15523,(anonymous_1239)
FN:15535,(anonymous_1240)
FN:15546,(anonymous_1241)
FN:15558,(anonymous_1242)
FN:15576,(anonymous_1243)
FN:15587,(anonymous_1244)
FN:15617,(anonymous_1245)
FN:15647,(anonymous_1246)
FN:15681,(anonymous_1247)
FN:15715,(anonymous_1248)
FN:15744,(anonymous_1249)
FN:15761,(anonymous_1250)
FN:15772,(anonymous_1251)
FN:15783,(anonymous_1252)
FN:15794,(anonymous_1253)
FN:15801,(anonymous_1254)
FN:15822,(anonymous_1255)
FN:15829,(anonymous_1256)
FN:15845,(anonymous_1257)
FN:15854,(anonymous_1258)
FN:15866,(anonymous_1259)
FN:15960,(anonymous_1260)
FN:15961,(anonymous_1261)
FN:16004,(anonymous_1262)
FN:16015,(anonymous_1263)
FN:16036,(anonymous_1264)
FN:16042,(anonymous_1265)
FN:16078,(anonymous_1266)
FN:16093,(anonymous_1267)
FN:16100,(anonymous_1268)
FN:16109,(anonymous_1269)
FN:16116,(anonymous_1270)
FN:16132,(anonymous_1271)
FN:16146,(anonymous_1272)
FN:16149,(anonymous_1273)
FN:16157,(anonymous_1274)
FN:16165,(anonymous_1275)
FN:16174,(anonymous_1276)
FN:16191,(anonymous_1277)
FN:16195,(anonymous_1278)
FN:16204,(anonymous_1279)
FN:16284,(anonymous_1280)
FN:16293,(anonymous_1281)
FN:16298,(anonymous_1282)
FN:16307,(anonymous_1283)
FN:16314,(anonymous_1284)
FN:16339,(anonymous_1285)
FN:16358,(anonymous_1286)
FN:16361,(anonymous_1287)
FN:16386,(anonymous_1288)
FN:16398,(anonymous_1289)
FN:16401,(anonymous_1290)
FN:16406,(anonymous_1291)
FN:16415,(anonymous_1292)
FN:16418,(anonymous_1293)
FN:16421,(anonymous_1294)
FN:16425,(anonymous_1295)
FN:16431,(anonymous_1296)
FN:16433,(anonymous_1297)
FN:16442,(anonymous_1298)
FN:16452,(anonymous_1299)
FN:16464,(anonymous_1300)
FN:16471,(anonymous_1301)
FN:16477,(anonymous_1302)
FN:16480,(anonymous_1303)
FN:16496,(anonymous_1304)
FN:16507,(anonymous_1305)
FN:16514,(anonymous_1306)
FN:16522,(anonymous_1307)
FN:16539,(anonymous_1308)
FN:16546,(anonymous_1309)
FN:16552,(anonymous_1310)
FN:16562,(anonymous_1311)
FN:16567,(anonymous_1312)
FN:16570,(anonymous_1313)
FN:16575,(anonymous_1314)
FN:16580,(anonymous_1315)
FN:16583,(anonymous_1316)
FN:16586,(anonymous_1317)
FN:16590,(anonymous_1318)
FN:16594,(anonymous_1319)
FN:16597,(anonymous_1320)
FN:16603,(anonymous_1321)
FN:16611,(anonymous_1322)
FN:16616,(anonymous_1323)
FN:16619,(anonymous_1324)
FN:16624,(anonymous_1325)
FN:16627,(anonymous_1326)
FN:16630,(anonymous_1327)
FN:16634,(anonymous_1328)
FN:16638,(anonymous_1329)
FN:16641,(anonymous_1330)
FN:16647,(anonymous_1331)
FN:16659,(anonymous_1332)
FN:16675,(anonymous_1333)
FN:16696,(anonymous_1334)
FN:16704,(anonymous_1335)
FN:16718,(anonymous_1336)
FN:16732,(anonymous_1337)
FN:16735,(anonymous_1338)
FN:16739,(anonymous_1339)
FN:16742,(anonymous_1340)
FN:16745,(anonymous_1341)
FN:16748,(anonymous_1342)
FN:16751,(anonymous_1343)
FN:16759,(anonymous_1344)
FN:16776,(anonymous_1345)
FN:16787,(anonymous_1346)
FN:16798,(anonymous_1347)
FN:16809,(anonymous_1348)
FN:16816,(anonymous_1349)
FN:16837,(anonymous_1350)
FN:16844,(anonymous_1351)
FN:16857,(anonymous_1352)
FN:16866,(anonymous_1353)
FN:16878,(anonymous_1354)
FN:16981,(anonymous_1355)
FN:16982,(anonymous_1356)
FN:16983,(anonymous_1357)
FN:16985,(anonymous_1358)
FN:16986,(anonymous_1359)
FN:17038,(anonymous_1360)
FN:17049,(anonymous_1361)
FN:17064,(anonymous_1362)
FN:17090,(anonymous_1363)
FN:17101,(anonymous_1364)
FN:17117,(anonymous_1365)
FN:17125,(anonymous_1366)
FN:17144,(anonymous_1367)
FN:17164,(anonymous_1368)
FN:17173,(anonymous_1369)
FN:17186,(anonymous_1370)
FN:17198,(anonymous_1371)
FN:17213,(anonymous_1372)
FN:17215,(anonymous_1373)
FN:17220,(anonymous_1374)
FN:17221,(anonymous_1375)
FN:17223,(anonymous_1376)
FN:17232,(anonymous_1377)
FN:17236,(anonymous_1378)
FN:17240,(anonymous_1379)
FN:17241,(anonymous_1380)
FN:17245,(anonymous_1381)
FN:17251,(anonymous_1382)
FN:17265,(anonymous_1383)
FN:17276,(anonymous_1384)
FN:17279,(anonymous_1385)
FN:17282,(anonymous_1386)
FN:17343,(anonymous_1387)
FN:17358,(anonymous_1388)
FN:17365,(anonymous_1389)
FN:17375,(anonymous_1390)
FN:17399,(anonymous_1391)
FN:17402,(anonymous_1392)
FN:17405,(anonymous_1393)
FN:17410,(anonymous_1394)
FN:17416,(anonymous_1395)
FN:17422,(anonymous_1396)
FN:17440,(anonymous_1397)
FN:17448,(anonymous_1398)
FN:17466,(anonymous_1399)
FN:17475,(anonymous_1400)
FN:17478,(anonymous_1401)
FN:17481,(anonymous_1402)
FN:17484,(anonymous_1403)
FN:17487,(anonymous_1404)
FN:17490,(anonymous_1405)
FN:17493,(anonymous_1406)
FN:17498,(anonymous_1407)
FN:17607,(anonymous_1408)
FN:17624,(anonymous_1409)
FN:17641,(anonymous_1410)
FN:17648,(anonymous_1411)
FN:17669,(anonymous_1412)
FN:17690,(anonymous_1413)
FN:17702,(anonymous_1414)
FN:17716,(anonymous_1415)
FN:17725,(anonymous_1416)
FN:17739,(anonymous_1417)
FN:17750,(anonymous_1418)
FN:17761,(anonymous_1419)
FN:17772,(anonymous_1420)
FN:17783,(anonymous_1421)
FN:17790,(anonymous_1422)
FN:17811,(anonymous_1423)
FN:17818,(anonymous_1424)
FN:17831,(anonymous_1425)
FN:17840,(anonymous_1426)
FN:17852,(anonymous_1427)
FN:17951,(anonymous_1428)
FN:17954,(anonymous_1429)
FN:17957,(anonymous_1430)
FN:17960,(anonymous_1431)
FN:17963,(anonymous_1432)
FN:17966,(anonymous_1433)
FN:17998,(anonymous_1434)
FN:18009,(anonymous_1435)
FN:18030,(anonymous_1436)
FN:18065,(anonymous_1437)
FN:18085,(anonymous_1438)
FN:18093,(anonymous_1439)
FN:18102,(anonymous_1440)
FN:18113,(anonymous_1441)
FN:18149,(anonymous_1442)
FN:18166,(anonymous_1443)
FN:18193,(anonymous_1444)
FN:18213,(anonymous_1445)
FN:18231,(anonymous_1446)
FN:18240,(anonymous_1447)
FN:18246,(anonymous_1448)
FN:18251,(anonymous_1449)
FN:18259,(anonymous_1450)
FN:18275,(anonymous_1451)
FN:18292,(anonymous_1452)
FN:18297,(anonymous_1453)
FN:18308,(anonymous_1454)
FN:18376,(anonymous_1455)
FN:18397,(anonymous_1456)
FN:18410,(anonymous_1457)
FN:18440,(anonymous_1458)
FN:18451,(anonymous_1459)
FN:18470,(anonymous_1460)
FN:18526,(anonymous_1461)
FN:18530,(anonymous_1462)
FN:18551,(anonymous_1463)
FN:18572,(anonymous_1464)
FN:18576,(anonymous_1465)
FN:18581,(anonymous_1466)
FN:18589,(anonymous_1467)
FN:18598,(anonymous_1468)
FN:18601,(anonymous_1469)
FN:18605,(anonymous_1470)
FN:18608,(anonymous_1471)
FN:18627,(anonymous_1472)
FN:18631,(anonymous_1473)
FN:18648,(anonymous_1474)
FN:18654,(anonymous_1475)
FN:18655,(anonymous_1476)
FN:18659,(anonymous_1477)
FN:18665,(anonymous_1478)
FN:18674,(anonymous_1479)
FN:18682,(anonymous_1480)
FN:18699,(anonymous_1481)
FN:18710,(anonymous_1482)
FN:18721,(anonymous_1483)
FN:18732,(anonymous_1484)
FN:18739,(anonymous_1485)
FN:18760,(anonymous_1486)
FN:18767,(anonymous_1487)
FN:18780,(anonymous_1488)
FN:18789,(anonymous_1489)
FN:18801,(anonymous_1490)
FN:18866,(anonymous_1491)
FN:18900,(anonymous_1492)
FN:18901,(anonymous_1493)
FN:18902,(anonymous_1494)
FN:18903,(anonymous_1495)
FN:18906,(anonymous_1496)
FN:18951,(anonymous_1497)
FN:18962,(anonymous_1498)
FN:18979,(anonymous_1499)
FN:18984,(anonymous_1500)
FN:19007,(anonymous_1501)
FN:19042,(anonymous_1502)
FN:19050,(anonymous_1503)
FN:19057,(anonymous_1504)
FN:19062,(anonymous_1505)
FN:19076,(anonymous_1506)
FN:19083,(anonymous_1507)
FN:19108,(anonymous_1508)
FN:19142,(anonymous_1509)
FN:19149,(anonymous_1510)
FN:19153,(anonymous_1511)
FN:19161,(anonymous_1512)
FN:19185,(anonymous_1513)
FN:19204,(anonymous_1514)
FN:19225,(anonymous_1515)
FN:19232,(anonymous_1516)
FN:19240,(anonymous_1517)
FN:19249,(anonymous_1518)
FN:19273,(anonymous_1519)
FN:19288,(anonymous_1520)
FN:19297,(anonymous_1521)
FN:19303,(anonymous_1522)
FN:19309,(anonymous_1523)
FN:19316,(anonymous_1524)
FN:19323,(anonymous_1525)
FN:19332,(anonymous_1526)
FN:19348,(anonymous_1527)
FN:19354,(anonymous_1528)
FN:19359,(anonymous_1529)
FN:19366,(anonymous_1530)
FN:19381,(anonymous_1531)
FN:19385,(anonymous_1532)
FN:19393,(anonymous_1533)
FN:19396,(anonymous_1534)
FN:19400,(anonymous_1535)
FN:19403,(anonymous_1536)
FN:19406,(anonymous_1537)
FN:19409,(anonymous_1538)
FN:19415,(anonymous_1539)
FN:19420,(anonymous_1540)
FN:19426,(anonymous_1541)
FN:19429,(anonymous_1542)
FN:19432,(anonymous_1543)
FN:19441,(anonymous_1544)
FN:19449,(anonymous_1545)
FN:19489,(anonymous_1546)
FN:19502,(anonymous_1547)
FN:19508,(anonymous_1548)
FN:19514,(anonymous_1549)
FN:19520,(anonymous_1550)
FN:19528,(anonymous_1551)
FN:19543,(anonymous_1552)
FN:19555,(anonymous_1553)
FN:19569,(anonymous_1554)
FN:19573,(anonymous_1555)
FN:19576,(anonymous_1556)
FN:19594,(anonymous_1557)
FN:19616,(anonymous_1558)
FN:19679,(anonymous_1559)
FN:19686,(anonymous_1560)
FN:19689,(anonymous_1561)
FN:19692,(anonymous_1562)
FN:19695,(anonymous_1563)
FN:19698,(anonymous_1564)
FN:19703,(anonymous_1565)
FN:19706,(anonymous_1566)
FN:19709,(anonymous_1567)
FN:19714,(anonymous_1568)
FN:19729,(anonymous_1569)
FN:19739,(anonymous_1570)
FN:19748,(anonymous_1571)
FN:19753,(anonymous_1572)
FN:19760,(anonymous_1573)
FN:19766,(anonymous_1574)
FN:19771,(anonymous_1575)
FN:19776,(anonymous_1576)
FN:19793,(anonymous_1577)
FN:19804,(anonymous_1578)
FN:19815,(anonymous_1579)
FN:19826,(anonymous_1580)
FN:19833,(anonymous_1581)
FN:19854,(anonymous_1582)
FN:19861,(anonymous_1583)
FN:19877,(anonymous_1584)
FN:19887,(anonymous_1585)
FN:19899,(anonymous_1586)
FN:19984,(anonymous_1587)
FN:19985,(anonymous_1588)
FN:19986,(anonymous_1589)
FN:19987,(anonymous_1590)
FN:20047,(anonymous_1591)
FN:20059,(anonymous_1592)
FN:20078,(anonymous_1593)
FN:20120,(anonymous_1594)
FN:20127,(anonymous_1595)
FN:20135,(anonymous_1596)
FN:20144,(anonymous_1597)
FN:20162,(anonymous_1598)
FN:20176,(anonymous_1599)
FN:20191,(anonymous_1600)
FN:20208,(anonymous_1601)
FN:20272,(anonymous_1602)
FN:20273,(anonymous_1603)
FN:20274,(anonymous_1604)
FN:20294,(anonymous_1605)
FN:20299,(anonymous_1606)
FN:20312,(anonymous_1607)
FN:20318,(anonymous_1608)
FN:20321,(anonymous_1609)
FN:20324,(anonymous_1610)
FN:20327,(anonymous_1611)
FN:20330,(anonymous_1612)
FN:20333,(anonymous_1613)
FN:20339,(anonymous_1614)
FN:20349,(anonymous_1615)
FN:20367,(anonymous_1616)
FN:20370,(anonymous_1617)
FN:20373,(anonymous_1618)
FN:20376,(anonymous_1619)
FN:20382,(anonymous_1620)
FN:20393,(anonymous_1621)
FN:20425,(anonymous_1622)
FN:20459,(anonymous_1623)
FN:20490,(anonymous_1624)
FN:20504,(anonymous_1625)
FN:20511,(anonymous_1626)
FN:20514,(anonymous_1627)
FN:20536,(anonymous_1628)
FN:20545,(anonymous_1629)
FN:20558,(anonymous_1630)
FN:20569,(anonymous_1631)
FN:20577,(anonymous_1632)
FN:20594,(anonymous_1633)
FN:20634,(anonymous_1634)
FN:20643,(anonymous_1635)
FN:20675,(anonymous_1636)
FN:20691,(anonymous_1637)
FN:20707,(anonymous_1638)
FN:20711,(anonymous_1639)
FN:20719,(anonymous_1640)
FN:20723,(anonymous_1641)
FN:20730,(anonymous_1642)
FN:20738,(anonymous_1643)
FN:20746,(anonymous_1644)
FN:20749,(anonymous_1645)
FN:20752,(anonymous_1646)
FN:20785,(anonymous_1647)
FN:20798,(anonymous_1648)
FN:20815,(anonymous_1649)
FN:20840,(anonymous_1650)
FN:20863,(anonymous_1651)
FN:20874,(anonymous_1652)
FN:20879,(anonymous_1653)
FN:20896,(anonymous_1654)
FN:20907,(anonymous_1655)
FN:20918,(anonymous_1656)
FN:20929,(anonymous_1657)
FN:20936,(anonymous_1658)
FN:20957,(anonymous_1659)
FN:20964,(anonymous_1660)
FN:20977,(anonymous_1661)
FN:20986,(anonymous_1662)
FN:20998,(anonymous_1663)
FN:21137,(anonymous_1664)
FN:21138,(anonymous_1665)
FN:21139,(anonymous_1666)
FN:21145,(anonymous_1667)
FN:21148,(anonymous_1668)
FN:21151,(anonymous_1669)
FN:21154,(anonymous_1670)
FN:21157,(anonymous_1671)
FN:21215,(anonymous_1672)
FN:21226,(anonymous_1673)
FN:21244,(anonymous_1674)
FN:21272,(anonymous_1675)
FN:21284,(anonymous_1676)
FN:21315,(anonymous_1677)
FN:21323,(anonymous_1678)
FN:21349,(anonymous_1679)
FN:21366,(anonymous_1680)
FN:21386,(anonymous_1681)
FN:21388,(anonymous_1682)
FN:21393,(anonymous_1683)
FN:21394,(anonymous_1684)
FN:21396,(anonymous_1685)
FN:21405,(anonymous_1686)
FN:21411,(anonymous_1687)
FN:21416,(anonymous_1688)
FN:21419,(anonymous_1689)
FN:21424,(anonymous_1690)
FN:21430,(anonymous_1691)
FN:21435,(anonymous_1692)
FN:21444,(anonymous_1693)
FN:21462,(anonymous_1694)
FN:21467,(anonymous_1695)
FN:21473,(anonymous_1696)
FN:21484,(anonymous_1697)
FN:21491,(anonymous_1698)
FN:21501,(anonymous_1699)
FN:21503,(anonymous_1700)
FN:21504,(anonymous_1701)
FN:21515,(anonymous_1702)
FN:21526,(anonymous_1703)
FN:21536,(anonymous_1704)
FN:21545,(anonymous_1705)
FN:21557,(anonymous_1706)
FN:21566,(anonymous_1707)
FN:21576,(anonymous_1708)
FN:21589,(anonymous_1709)
FN:21612,(anonymous_1710)
FN:21618,(anonymous_1711)
FN:21624,(anonymous_1712)
FN:21630,(anonymous_1713)
FN:21638,(anonymous_1714)
FN:21648,(anonymous_1715)
FN:21661,(anonymous_1716)
FN:21666,(anonymous_1717)
FN:21674,(anonymous_1718)
FN:21711,(anonymous_1719)
FN:21724,(anonymous_1720)
FN:21735,(anonymous_1721)
FN:21756,(anonymous_1722)
FN:21777,(anonymous_1723)
FN:21799,(anonymous_1724)
FN:21820,(anonymous_1725)
FN:21841,(anonymous_1726)
FN:21862,(anonymous_1727)
FN:21883,(anonymous_1728)
FN:21907,(anonymous_1729)
FN:21930,(anonymous_1730)
FN:21953,(anonymous_1731)
FN:21976,(anonymous_1732)
FN:21999,(anonymous_1733)
FN:22019,(anonymous_1734)
FN:22032,(anonymous_1735)
FN:22038,(anonymous_1736)
FN:22055,(anonymous_1737)
FN:22061,(anonymous_1738)
FN:22069,(anonymous_1739)
FN:22073,(anonymous_1740)
FN:22091,(anonymous_1741)
FN:22113,(anonymous_1742)
FN:22153,(anonymous_1743)
FN:22162,(anonymous_1744)
FN:22168,(anonymous_1745)
FN:22175,(anonymous_1746)
FN:22184,(anonymous_1747)
FN:22190,(anonymous_1748)
FN:22196,(anonymous_1749)
FN:22202,(anonymous_1750)
FN:22208,(anonymous_1751)
FN:22214,(anonymous_1752)
FN:22220,(anonymous_1753)
FN:22226,(anonymous_1754)
FN:22235,(anonymous_1755)
FN:22246,(anonymous_1756)
FN:22257,(anonymous_1757)
FN:22268,(anonymous_1758)
FN:22279,(anonymous_1759)
FN:22286,(anonymous_1760)
FN:22307,(anonymous_1761)
FN:22314,(anonymous_1762)
FN:22327,(anonymous_1763)
FN:22336,(anonymous_1764)
FN:22348,(anonymous_1765)
FN:22487,(anonymous_1766)
FN:22488,(anonymous_1767)
FN:22491,(anonymous_1768)
FN:22492,(anonymous_1769)
FN:22496,(anonymous_1770)
FNF:1771
FNH:0
FNDA:0,(anonymous_0)
FNDA:0,(anonymous_1)
FNDA:0,(anonymous_2)
FNDA:0,(anonymous_3)
FNDA:0,(anonymous_4)
FNDA:0,(anonymous_5)
FNDA:0,(anonymous_6)
FNDA:0,(anonymous_7)
FNDA:0,(anonymous_8)
FNDA:0,(anonymous_9)
FNDA:0,(anonymous_10)
FNDA:0,(anonymous_11)
FNDA:0,(anonymous_12)
FNDA:0,(anonymous_13)
FNDA:0,(anonymous_14)
FNDA:0,(anonymous_15)
FNDA:0,(anonymous_16)
FNDA:0,(anonymous_17)
FNDA:0,(anonymous_18)
FNDA:0,(anonymous_19)
FNDA:0,(anonymous_20)
FNDA:0,(anonymous_21)
FNDA:0,(anonymous_22)
FNDA:0,(anonymous_23)
FNDA:0,(anonymous_24)
FNDA:0,(anonymous_25)
FNDA:0,(anonymous_26)
FNDA:0,(anonymous_27)
FNDA:0,(anonymous_28)
FNDA:0,(anonymous_29)
FNDA:0,(anonymous_30)
FNDA:0,(anonymous_31)
FNDA:0,(anonymous_32)
FNDA:0,(anonymous_33)
FNDA:0,(anonymous_34)
FNDA:0,(anonymous_35)
FNDA:0,(anonymous_36)
FNDA:0,(anonymous_37)
FNDA:0,(anonymous_38)
FNDA:0,(anonymous_39)
FNDA:0,(anonymous_40)
FNDA:0,(anonymous_41)
FNDA:0,(anonymous_42)
FNDA:0,(anonymous_43)
FNDA:0,(anonymous_44)
FNDA:0,(anonymous_45)
FNDA:0,(anonymous_46)
FNDA:0,(anonymous_47)
FNDA:0,(anonymous_48)
FNDA:0,(anonymous_49)
FNDA:0,(anonymous_50)
FNDA:0,(anonymous_51)
FNDA:0,(anonymous_52)
FNDA:0,(anonymous_53)
FNDA:0,(anonymous_54)
FNDA:0,(anonymous_55)
FNDA:0,(anonymous_56)
FNDA:0,(anonymous_57)
FNDA:0,(anonymous_58)
FNDA:0,(anonymous_59)
FNDA:0,(anonymous_60)
FNDA:0,(anonymous_61)
FNDA:0,(anonymous_62)
FNDA:0,(anonymous_63)
FNDA:0,(anonymous_64)
FNDA:0,(anonymous_65)
FNDA:0,(anonymous_66)
FNDA:0,(anonymous_67)
FNDA:0,(anonymous_68)
FNDA:0,(anonymous_69)
FNDA:0,(anonymous_70)
FNDA:0,(anonymous_71)
FNDA:0,(anonymous_72)
FNDA:0,(anonymous_73)
FNDA:0,(anonymous_74)
FNDA:0,(anonymous_75)
FNDA:0,(anonymous_76)
FNDA:0,(anonymous_77)
FNDA:0,(anonymous_78)
FNDA:0,(anonymous_79)
FNDA:0,(anonymous_80)
FNDA:0,(anonymous_81)
FNDA:0,(anonymous_82)
FNDA:0,(anonymous_83)
FNDA:0,(anonymous_84)
FNDA:0,(anonymous_85)
FNDA:0,(anonymous_86)
FNDA:0,(anonymous_87)
FNDA:0,(anonymous_88)
FNDA:0,(anonymous_89)
FNDA:0,(anonymous_90)
FNDA:0,(anonymous_91)
FNDA:0,(anonymous_92)
FNDA:0,(anonymous_93)
FNDA:0,(anonymous_94)
FNDA:0,(anonymous_95)
FNDA:0,(anonymous_96)
FNDA:0,(anonymous_97)
FNDA:0,(anonymous_98)
FNDA:0,(anonymous_99)
FNDA:0,(anonymous_100)
FNDA:0,(anonymous_101)
FNDA:0,(anonymous_102)
FNDA:0,(anonymous_103)
FNDA:0,(anonymous_104)
FNDA:0,(anonymous_105)
FNDA:0,(anonymous_106)
FNDA:0,(anonymous_107)
FNDA:0,(anonymous_108)
FNDA:0,(anonymous_109)
FNDA:0,(anonymous_110)
FNDA:0,(anonymous_111)
FNDA:0,(anonymous_112)
FNDA:0,(anonymous_113)
FNDA:0,(anonymous_114)
FNDA:0,(anonymous_115)
FNDA:0,(anonymous_116)
FNDA:0,(anonymous_117)
FNDA:0,(anonymous_118)
FNDA:0,(anonymous_119)
FNDA:0,(anonymous_120)
FNDA:0,(anonymous_121)
FNDA:0,(anonymous_122)
FNDA:0,(anonymous_123)
FNDA:0,(anonymous_124)
FNDA:0,(anonymous_125)
FNDA:0,(anonymous_126)
FNDA:0,(anonymous_127)
FNDA:0,(anonymous_128)
FNDA:0,(anonymous_129)
FNDA:0,(anonymous_130)
FNDA:0,(anonymous_131)
FNDA:0,(anonymous_132)
FNDA:0,(anonymous_133)
FNDA:0,(anonymous_134)
FNDA:0,(anonymous_135)
FNDA:0,(anonymous_136)
FNDA:0,(anonymous_137)
FNDA:0,(anonymous_138)
FNDA:0,(anonymous_139)
FNDA:0,(anonymous_140)
FNDA:0,(anonymous_141)
FNDA:0,(anonymous_142)
FNDA:0,(anonymous_143)
FNDA:0,(anonymous_144)
FNDA:0,(anonymous_145)
FNDA:0,(anonymous_146)
FNDA:0,(anonymous_147)
FNDA:0,(anonymous_148)
FNDA:0,(anonymous_149)
FNDA:0,(anonymous_150)
FNDA:0,(anonymous_151)
FNDA:0,(anonymous_152)
FNDA:0,(anonymous_153)
FNDA:0,(anonymous_154)
FNDA:0,(anonymous_155)
FNDA:0,(anonymous_156)
FNDA:0,(anonymous_157)
FNDA:0,(anonymous_158)
FNDA:0,(anonymous_159)
FNDA:0,(anonymous_160)
FNDA:0,(anonymous_161)
FNDA:0,(anonymous_162)
FNDA:0,(anonymous_163)
FNDA:0,(anonymous_164)
FNDA:0,(anonymous_165)
FNDA:0,(anonymous_166)
FNDA:0,(anonymous_167)
FNDA:0,(anonymous_168)
FNDA:0,(anonymous_169)
FNDA:0,(anonymous_170)
FNDA:0,(anonymous_171)
FNDA:0,(anonymous_172)
FNDA:0,(anonymous_173)
FNDA:0,(anonymous_174)
FNDA:0,(anonymous_175)
FNDA:0,(anonymous_176)
FNDA:0,(anonymous_177)
FNDA:0,(anonymous_178)
FNDA:0,(anonymous_179)
FNDA:0,(anonymous_180)
FNDA:0,(anonymous_181)
FNDA:0,(anonymous_182)
FNDA:0,(anonymous_183)
FNDA:0,(anonymous_184)
FNDA:0,(anonymous_185)
FNDA:0,(anonymous_186)
FNDA:0,(anonymous_187)
FNDA:0,(anonymous_188)
FNDA:0,(anonymous_189)
FNDA:0,(anonymous_190)
FNDA:0,(anonymous_191)
FNDA:0,(anonymous_192)
FNDA:0,(anonymous_193)
FNDA:0,(anonymous_194)
FNDA:0,(anonymous_195)
FNDA:0,(anonymous_196)
FNDA:0,(anonymous_197)
FNDA:0,(anonymous_198)
FNDA:0,(anonymous_199)
FNDA:0,(anonymous_200)
FNDA:0,(anonymous_201)
FNDA:0,(anonymous_202)
FNDA:0,(anonymous_203)
FNDA:0,(anonymous_204)
FNDA:0,(anonymous_205)
FNDA:0,(anonymous_206)
FNDA:0,(anonymous_207)
FNDA:0,(anonymous_208)
FNDA:0,(anonymous_209)
FNDA:0,(anonymous_210)
FNDA:0,(anonymous_211)
FNDA:0,(anonymous_212)
FNDA:0,(anonymous_213)
FNDA:0,(anonymous_214)
FNDA:0,(anonymous_215)
FNDA:0,(anonymous_216)
FNDA:0,(anonymous_217)
FNDA:0,(anonymous_218)
FNDA:0,(anonymous_219)
FNDA:0,(anonymous_220)
FNDA:0,(anonymous_221)
FNDA:0,(anonymous_222)
FNDA:0,(anonymous_223)
FNDA:0,(anonymous_224)
FNDA:0,(anonymous_225)
FNDA:0,(anonymous_226)
FNDA:0,(anonymous_227)
FNDA:0,(anonymous_228)
FNDA:0,(anonymous_229)
FNDA:0,(anonymous_230)
FNDA:0,(anonymous_231)
FNDA:0,(anonymous_232)
FNDA:0,(anonymous_233)
FNDA:0,(anonymous_234)
FNDA:0,(anonymous_235)
FNDA:0,(anonymous_236)
FNDA:0,(anonymous_237)
FNDA:0,(anonymous_238)
FNDA:0,(anonymous_239)
FNDA:0,(anonymous_240)
FNDA:0,(anonymous_241)
FNDA:0,(anonymous_242)
FNDA:0,(anonymous_243)
FNDA:0,(anonymous_244)
FNDA:0,(anonymous_245)
FNDA:0,(anonymous_246)
FNDA:0,(anonymous_247)
FNDA:0,(anonymous_248)
FNDA:0,(anonymous_249)
FNDA:0,(anonymous_250)
FNDA:0,(anonymous_251)
FNDA:0,(anonymous_252)
FNDA:0,(anonymous_253)
FNDA:0,(anonymous_254)
FNDA:0,(anonymous_255)
FNDA:0,(anonymous_256)
FNDA:0,(anonymous_257)
FNDA:0,(anonymous_258)
FNDA:0,(anonymous_259)
FNDA:0,(anonymous_260)
FNDA:0,(anonymous_261)
FNDA:0,(anonymous_262)
FNDA:0,(anonymous_263)
FNDA:0,(anonymous_264)
FNDA:0,(anonymous_265)
FNDA:0,(anonymous_266)
FNDA:0,(anonymous_267)
FNDA:0,(anonymous_268)
FNDA:0,(anonymous_269)
FNDA:0,(anonymous_270)
FNDA:0,(anonymous_271)
FNDA:0,(anonymous_272)
FNDA:0,(anonymous_273)
FNDA:0,(anonymous_274)
FNDA:0,(anonymous_275)
FNDA:0,(anonymous_276)
FNDA:0,(anonymous_277)
FNDA:0,(anonymous_278)
FNDA:0,(anonymous_279)
FNDA:0,(anonymous_280)
FNDA:0,(anonymous_281)
FNDA:0,(anonymous_282)
FNDA:0,(anonymous_283)
FNDA:0,(anonymous_284)
FNDA:0,(anonymous_285)
FNDA:0,(anonymous_286)
FNDA:0,(anonymous_287)
FNDA:0,(anonymous_288)
FNDA:0,(anonymous_289)
FNDA:0,(anonymous_290)
FNDA:0,(anonymous_291)
FNDA:0,(anonymous_292)
FNDA:0,(anonymous_293)
FNDA:0,(anonymous_294)
FNDA:0,(anonymous_295)
FNDA:0,(anonymous_296)
FNDA:0,(anonymous_297)
FNDA:0,(anonymous_298)
FNDA:0,(anonymous_299)
FNDA:0,(anonymous_300)
FNDA:0,(anonymous_301)
FNDA:0,(anonymous_302)
FNDA:0,(anonymous_303)
FNDA:0,(anonymous_304)
FNDA:0,(anonymous_305)
FNDA:0,(anonymous_306)
FNDA:0,(anonymous_307)
FNDA:0,(anonymous_308)
FNDA:0,(anonymous_309)
FNDA:0,(anonymous_310)
FNDA:0,(anonymous_311)
FNDA:0,(anonymous_312)
FNDA:0,(anonymous_313)
FNDA:0,(anonymous_314)
FNDA:0,(anonymous_315)
FNDA:0,(anonymous_316)
FNDA:0,(anonymous_317)
FNDA:0,(anonymous_318)
FNDA:0,(anonymous_319)
FNDA:0,(anonymous_320)
FNDA:0,(anonymous_321)
FNDA:0,(anonymous_322)
FNDA:0,(anonymous_323)
FNDA:0,(anonymous_324)
FNDA:0,(anonymous_325)
FNDA:0,(anonymous_326)
FNDA:0,(anonymous_327)
FNDA:0,(anonymous_328)
FNDA:0,(anonymous_329)
FNDA:0,(anonymous_330)
FNDA:0,(anonymous_331)
FNDA:0,(anonymous_332)
FNDA:0,(anonymous_333)
FNDA:0,(anonymous_334)
FNDA:0,(anonymous_335)
FNDA:0,(anonymous_336)
FNDA:0,(anonymous_337)
FNDA:0,(anonymous_338)
FNDA:0,(anonymous_339)
FNDA:0,(anonymous_340)
FNDA:0,(anonymous_341)
FNDA:0,(anonymous_342)
FNDA:0,(anonymous_343)
FNDA:0,(anonymous_344)
FNDA:0,(anonymous_345)
FNDA:0,(anonymous_346)
FNDA:0,(anonymous_347)
FNDA:0,(anonymous_348)
FNDA:0,(anonymous_349)
FNDA:0,(anonymous_350)
FNDA:0,(anonymous_351)
FNDA:0,(anonymous_352)
FNDA:0,(anonymous_353)
FNDA:0,(anonymous_354)
FNDA:0,(anonymous_355)
FNDA:0,(anonymous_356)
FNDA:0,(anonymous_357)
FNDA:0,(anonymous_358)
FNDA:0,(anonymous_359)
FNDA:0,(anonymous_360)
FNDA:0,(anonymous_361)
FNDA:0,(anonymous_362)
FNDA:0,(anonymous_363)
FNDA:0,(anonymous_364)
FNDA:0,(anonymous_365)
FNDA:0,(anonymous_366)
FNDA:0,(anonymous_367)
FNDA:0,(anonymous_368)
FNDA:0,(anonymous_369)
FNDA:0,(anonymous_370)
FNDA:0,(anonymous_371)
FNDA:0,(anonymous_372)
FNDA:0,(anonymous_373)
FNDA:0,(anonymous_374)
FNDA:0,(anonymous_375)
FNDA:0,(anonymous_376)
FNDA:0,(anonymous_377)
FNDA:0,(anonymous_378)
FNDA:0,(anonymous_379)
FNDA:0,(anonymous_380)
FNDA:0,(anonymous_381)
FNDA:0,(anonymous_382)
FNDA:0,(anonymous_383)
FNDA:0,(anonymous_384)
FNDA:0,(anonymous_385)
FNDA:0,(anonymous_386)
FNDA:0,(anonymous_387)
FNDA:0,(anonymous_388)
FNDA:0,(anonymous_389)
FNDA:0,(anonymous_390)
FNDA:0,(anonymous_391)
FNDA:0,(anonymous_392)
FNDA:0,(anonymous_393)
FNDA:0,(anonymous_394)
FNDA:0,(anonymous_395)
FNDA:0,(anonymous_396)
FNDA:0,(anonymous_397)
FNDA:0,(anonymous_398)
FNDA:0,(anonymous_399)
FNDA:0,(anonymous_400)
FNDA:0,(anonymous_401)
FNDA:0,(anonymous_402)
FNDA:0,(anonymous_403)
FNDA:0,(anonymous_404)
FNDA:0,(anonymous_405)
FNDA:0,(anonymous_406)
FNDA:0,(anonymous_407)
FNDA:0,(anonymous_408)
FNDA:0,(anonymous_409)
FNDA:0,(anonymous_410)
FNDA:0,(anonymous_411)
FNDA:0,(anonymous_412)
FNDA:0,(anonymous_413)
FNDA:0,(anonymous_414)
FNDA:0,(anonymous_415)
FNDA:0,(anonymous_416)
FNDA:0,(anonymous_417)
FNDA:0,(anonymous_418)
FNDA:0,(anonymous_419)
FNDA:0,(anonymous_420)
FNDA:0,(anonymous_421)
FNDA:0,(anonymous_422)
FNDA:0,(anonymous_423)
FNDA:0,(anonymous_424)
FNDA:0,(anonymous_425)
FNDA:0,(anonymous_426)
FNDA:0,(anonymous_427)
FNDA:0,(anonymous_428)
FNDA:0,(anonymous_429)
FNDA:0,(anonymous_430)
FNDA:0,(anonymous_431)
FNDA:0,(anonymous_432)
FNDA:0,(anonymous_433)
FNDA:0,(anonymous_434)
FNDA:0,(anonymous_435)
FNDA:0,(anonymous_436)
FNDA:0,(anonymous_437)
FNDA:0,(anonymous_438)
FNDA:0,(anonymous_439)
FNDA:0,(anonymous_440)
FNDA:0,(anonymous_441)
FNDA:0,(anonymous_442)
FNDA:0,(anonymous_443)
FNDA:0,(anonymous_444)
FNDA:0,(anonymous_445)
FNDA:0,(anonymous_446)
FNDA:0,(anonymous_447)
FNDA:0,(anonymous_448)
FNDA:0,(anonymous_449)
FNDA:0,(anonymous_450)
FNDA:0,(anonymous_451)
FNDA:0,(anonymous_452)
FNDA:0,(anonymous_453)
FNDA:0,(anonymous_454)
FNDA:0,(anonymous_455)
FNDA:0,(anonymous_456)
FNDA:0,(anonymous_457)
FNDA:0,(anonymous_458)
FNDA:0,(anonymous_459)
FNDA:0,(anonymous_460)
FNDA:0,(anonymous_461)
FNDA:0,(anonymous_462)
FNDA:0,(anonymous_463)
FNDA:0,(anonymous_464)
FNDA:0,(anonymous_465)
FNDA:0,(anonymous_466)
FNDA:0,(anonymous_467)
FNDA:0,(anonymous_468)
FNDA:0,(anonymous_469)
FNDA:0,(anonymous_470)
FNDA:0,(anonymous_471)
FNDA:0,(anonymous_472)
FNDA:0,(anonymous_473)
FNDA:0,(anonymous_474)
FNDA:0,(anonymous_475)
FNDA:0,(anonymous_476)
FNDA:0,(anonymous_477)
FNDA:0,(anonymous_478)
FNDA:0,(anonymous_479)
FNDA:0,(anonymous_480)
FNDA:0,(anonymous_481)
FNDA:0,(anonymous_482)
FNDA:0,(anonymous_483)
FNDA:0,(anonymous_484)
FNDA:0,(anonymous_485)
FNDA:0,(anonymous_486)
FNDA:0,(anonymous_487)
FNDA:0,(anonymous_488)
FNDA:0,(anonymous_489)
FNDA:0,(anonymous_490)
FNDA:0,(anonymous_491)
FNDA:0,(anonymous_492)
FNDA:0,(anonymous_493)
FNDA:0,(anonymous_494)
FNDA:0,(anonymous_495)
FNDA:0,(anonymous_496)
FNDA:0,(anonymous_497)
FNDA:0,(anonymous_498)
FNDA:0,(anonymous_499)
FNDA:0,(anonymous_500)
FNDA:0,(anonymous_501)
FNDA:0,(anonymous_502)
FNDA:0,(anonymous_503)
FNDA:0,(anonymous_504)
FNDA:0,(anonymous_505)
FNDA:0,(anonymous_506)
FNDA:0,(anonymous_507)
FNDA:0,(anonymous_508)
FNDA:0,(anonymous_509)
FNDA:0,(anonymous_510)
FNDA:0,(anonymous_511)
FNDA:0,(anonymous_512)
FNDA:0,(anonymous_513)
FNDA:0,(anonymous_514)
FNDA:0,(anonymous_515)
FNDA:0,(anonymous_516)
FNDA:0,(anonymous_517)
FNDA:0,(anonymous_518)
FNDA:0,(anonymous_519)
FNDA:0,(anonymous_520)
FNDA:0,(anonymous_521)
FNDA:0,(anonymous_522)
FNDA:0,(anonymous_523)
FNDA:0,(anonymous_524)
FNDA:0,(anonymous_525)
FNDA:0,(anonymous_526)
FNDA:0,(anonymous_527)
FNDA:0,(anonymous_528)
FNDA:0,(anonymous_529)
FNDA:0,(anonymous_530)
FNDA:0,(anonymous_531)
FNDA:0,(anonymous_532)
FNDA:0,(anonymous_533)
FNDA:0,(anonymous_534)
FNDA:0,(anonymous_535)
FNDA:0,(anonymous_536)
FNDA:0,(anonymous_537)
FNDA:0,(anonymous_538)
FNDA:0,(anonymous_539)
FNDA:0,(anonymous_540)
FNDA:0,(anonymous_541)
FNDA:0,(anonymous_542)
FNDA:0,(anonymous_543)
FNDA:0,(anonymous_544)
FNDA:0,(anonymous_545)
FNDA:0,(anonymous_546)
FNDA:0,(anonymous_547)
FNDA:0,(anonymous_548)
FNDA:0,(anonymous_549)
FNDA:0,(anonymous_550)
FNDA:0,(anonymous_551)
FNDA:0,(anonymous_552)
FNDA:0,(anonymous_553)
FNDA:0,(anonymous_554)
FNDA:0,(anonymous_555)
FNDA:0,(anonymous_556)
FNDA:0,(anonymous_557)
FNDA:0,(anonymous_558)
FNDA:0,(anonymous_559)
FNDA:0,(anonymous_560)
FNDA:0,(anonymous_561)
FNDA:0,(anonymous_562)
FNDA:0,(anonymous_563)
FNDA:0,(anonymous_564)
FNDA:0,(anonymous_565)
FNDA:0,(anonymous_566)
FNDA:0,(anonymous_567)
FNDA:0,(anonymous_568)
FNDA:0,(anonymous_569)
FNDA:0,(anonymous_570)
FNDA:0,(anonymous_571)
FNDA:0,(anonymous_572)
FNDA:0,(anonymous_573)
FNDA:0,(anonymous_574)
FNDA:0,(anonymous_575)
FNDA:0,(anonymous_576)
FNDA:0,(anonymous_577)
FNDA:0,(anonymous_578)
FNDA:0,(anonymous_579)
FNDA:0,(anonymous_580)
FNDA:0,(anonymous_581)
FNDA:0,(anonymous_582)
FNDA:0,(anonymous_583)
FNDA:0,(anonymous_584)
FNDA:0,(anonymous_585)
FNDA:0,(anonymous_586)
FNDA:0,(anonymous_587)
FNDA:0,(anonymous_588)
FNDA:0,(anonymous_589)
FNDA:0,(anonymous_590)
FNDA:0,(anonymous_591)
FNDA:0,(anonymous_592)
FNDA:0,(anonymous_593)
FNDA:0,(anonymous_594)
FNDA:0,(anonymous_595)
FNDA:0,(anonymous_596)
FNDA:0,(anonymous_597)
FNDA:0,(anonymous_598)
FNDA:0,(anonymous_599)
FNDA:0,(anonymous_600)
FNDA:0,(anonymous_601)
FNDA:0,(anonymous_602)
FNDA:0,(anonymous_603)
FNDA:0,(anonymous_604)
FNDA:0,(anonymous_605)
FNDA:0,(anonymous_606)
FNDA:0,(anonymous_607)
FNDA:0,(anonymous_608)
FNDA:0,(anonymous_609)
FNDA:0,(anonymous_610)
FNDA:0,(anonymous_611)
FNDA:0,(anonymous_612)
FNDA:0,(anonymous_613)
FNDA:0,(anonymous_614)
FNDA:0,(anonymous_615)
FNDA:0,(anonymous_616)
FNDA:0,(anonymous_617)
FNDA:0,(anonymous_618)
FNDA:0,(anonymous_619)
FNDA:0,(anonymous_620)
FNDA:0,(anonymous_621)
FNDA:0,(anonymous_622)
FNDA:0,(anonymous_623)
FNDA:0,(anonymous_624)
FNDA:0,(anonymous_625)
FNDA:0,(anonymous_626)
FNDA:0,(anonymous_627)
FNDA:0,(anonymous_628)
FNDA:0,(anonymous_629)
FNDA:0,(anonymous_630)
FNDA:0,(anonymous_631)
FNDA:0,(anonymous_632)
FNDA:0,(anonymous_633)
FNDA:0,(anonymous_634)
FNDA:0,(anonymous_635)
FNDA:0,(anonymous_636)
FNDA:0,(anonymous_637)
FNDA:0,(anonymous_638)
FNDA:0,(anonymous_639)
FNDA:0,(anonymous_640)
FNDA:0,(anonymous_641)
FNDA:0,(anonymous_642)
FNDA:0,(anonymous_643)
FNDA:0,(anonymous_644)
FNDA:0,(anonymous_645)
FNDA:0,(anonymous_646)
FNDA:0,(anonymous_647)
FNDA:0,(anonymous_648)
FNDA:0,(anonymous_649)
FNDA:0,(anonymous_650)
FNDA:0,(anonymous_651)
FNDA:0,(anonymous_652)
FNDA:0,(anonymous_653)
FNDA:0,(anonymous_654)
FNDA:0,(anonymous_655)
FNDA:0,(anonymous_656)
FNDA:0,(anonymous_657)
FNDA:0,(anonymous_658)
FNDA:0,(anonymous_659)
FNDA:0,(anonymous_660)
FNDA:0,(anonymous_661)
FNDA:0,(anonymous_662)
FNDA:0,(anonymous_663)
FNDA:0,(anonymous_664)
FNDA:0,(anonymous_665)
FNDA:0,(anonymous_666)
FNDA:0,(anonymous_667)
FNDA:0,(anonymous_668)
FNDA:0,(anonymous_669)
FNDA:0,(anonymous_670)
FNDA:0,(anonymous_671)
FNDA:0,(anonymous_672)
FNDA:0,(anonymous_673)
FNDA:0,(anonymous_674)
FNDA:0,(anonymous_675)
FNDA:0,(anonymous_676)
FNDA:0,(anonymous_677)
FNDA:0,(anonymous_678)
FNDA:0,(anonymous_679)
FNDA:0,(anonymous_680)
FNDA:0,(anonymous_681)
FNDA:0,(anonymous_682)
FNDA:0,(anonymous_683)
FNDA:0,(anonymous_684)
FNDA:0,(anonymous_685)
FNDA:0,(anonymous_686)
FNDA:0,(anonymous_687)
FNDA:0,(anonymous_688)
FNDA:0,(anonymous_689)
FNDA:0,(anonymous_690)
FNDA:0,(anonymous_691)
FNDA:0,(anonymous_692)
FNDA:0,(anonymous_693)
FNDA:0,(anonymous_694)
FNDA:0,(anonymous_695)
FNDA:0,(anonymous_696)
FNDA:0,(anonymous_697)
FNDA:0,(anonymous_698)
FNDA:0,(anonymous_699)
FNDA:0,(anonymous_700)
FNDA:0,(anonymous_701)
FNDA:0,(anonymous_702)
FNDA:0,(anonymous_703)
FNDA:0,(anonymous_704)
FNDA:0,(anonymous_705)
FNDA:0,(anonymous_706)
FNDA:0,(anonymous_707)
FNDA:0,(anonymous_708)
FNDA:0,(anonymous_709)
FNDA:0,(anonymous_710)
FNDA:0,(anonymous_711)
FNDA:0,(anonymous_712)
FNDA:0,(anonymous_713)
FNDA:0,(anonymous_714)
FNDA:0,(anonymous_715)
FNDA:0,(anonymous_716)
FNDA:0,(anonymous_717)
FNDA:0,(anonymous_718)
FNDA:0,(anonymous_719)
FNDA:0,(anonymous_720)
FNDA:0,(anonymous_721)
FNDA:0,(anonymous_722)
FNDA:0,(anonymous_723)
FNDA:0,(anonymous_724)
FNDA:0,(anonymous_725)
FNDA:0,(anonymous_726)
FNDA:0,(anonymous_727)
FNDA:0,(anonymous_728)
FNDA:0,(anonymous_729)
FNDA:0,(anonymous_730)
FNDA:0,(anonymous_731)
FNDA:0,(anonymous_732)
FNDA:0,(anonymous_733)
FNDA:0,(anonymous_734)
FNDA:0,(anonymous_735)
FNDA:0,(anonymous_736)
FNDA:0,(anonymous_737)
FNDA:0,(anonymous_738)
FNDA:0,(anonymous_739)
FNDA:0,(anonymous_740)
FNDA:0,(anonymous_741)
FNDA:0,(anonymous_742)
FNDA:0,(anonymous_743)
FNDA:0,(anonymous_744)
FNDA:0,(anonymous_745)
FNDA:0,(anonymous_746)
FNDA:0,(anonymous_747)
FNDA:0,(anonymous_748)
FNDA:0,(anonymous_749)
FNDA:0,(anonymous_750)
FNDA:0,(anonymous_751)
FNDA:0,(anonymous_752)
FNDA:0,(anonymous_753)
FNDA:0,(anonymous_754)
FNDA:0,(anonymous_755)
FNDA:0,(anonymous_756)
FNDA:0,(anonymous_757)
FNDA:0,(anonymous_758)
FNDA:0,(anonymous_759)
FNDA:0,(anonymous_760)
FNDA:0,(anonymous_761)
FNDA:0,(anonymous_762)
FNDA:0,(anonymous_763)
FNDA:0,(anonymous_764)
FNDA:0,(anonymous_765)
FNDA:0,(anonymous_766)
FNDA:0,(anonymous_767)
FNDA:0,(anonymous_768)
FNDA:0,(anonymous_769)
FNDA:0,(anonymous_770)
FNDA:0,(anonymous_771)
FNDA:0,(anonymous_772)
FNDA:0,(anonymous_773)
FNDA:0,(anonymous_774)
FNDA:0,(anonymous_775)
FNDA:0,(anonymous_776)
FNDA:0,(anonymous_777)
FNDA:0,(anonymous_778)
FNDA:0,(anonymous_779)
FNDA:0,(anonymous_780)
FNDA:0,(anonymous_781)
FNDA:0,(anonymous_782)
FNDA:0,(anonymous_783)
FNDA:0,(anonymous_784)
FNDA:0,(anonymous_785)
FNDA:0,(anonymous_786)
FNDA:0,(anonymous_787)
FNDA:0,(anonymous_788)
FNDA:0,(anonymous_789)
FNDA:0,(anonymous_790)
FNDA:0,(anonymous_791)
FNDA:0,(anonymous_792)
FNDA:0,(anonymous_793)
FNDA:0,(anonymous_794)
FNDA:0,(anonymous_795)
FNDA:0,(anonymous_796)
FNDA:0,(anonymous_797)
FNDA:0,(anonymous_798)
FNDA:0,(anonymous_799)
FNDA:0,(anonymous_800)
FNDA:0,(anonymous_801)
FNDA:0,(anonymous_802)
FNDA:0,(anonymous_803)
FNDA:0,(anonymous_804)
FNDA:0,(anonymous_805)
FNDA:0,(anonymous_806)
FNDA:0,(anonymous_807)
FNDA:0,(anonymous_808)
FNDA:0,(anonymous_809)
FNDA:0,(anonymous_810)
FNDA:0,(anonymous_811)
FNDA:0,(anonymous_812)
FNDA:0,(anonymous_813)
FNDA:0,(anonymous_814)
FNDA:0,(anonymous_815)
FNDA:0,(anonymous_816)
FNDA:0,(anonymous_817)
FNDA:0,(anonymous_818)
FNDA:0,(anonymous_819)
FNDA:0,(anonymous_820)
FNDA:0,(anonymous_821)
FNDA:0,(anonymous_822)
FNDA:0,(anonymous_823)
FNDA:0,(anonymous_824)
FNDA:0,(anonymous_825)
FNDA:0,(anonymous_826)
FNDA:0,(anonymous_827)
FNDA:0,(anonymous_828)
FNDA:0,(anonymous_829)
FNDA:0,(anonymous_830)
FNDA:0,(anonymous_831)
FNDA:0,(anonymous_832)
FNDA:0,(anonymous_833)
FNDA:0,(anonymous_834)
FNDA:0,(anonymous_835)
FNDA:0,(anonymous_836)
FNDA:0,(anonymous_837)
FNDA:0,(anonymous_838)
FNDA:0,(anonymous_839)
FNDA:0,(anonymous_840)
FNDA:0,(anonymous_841)
FNDA:0,(anonymous_842)
FNDA:0,(anonymous_843)
FNDA:0,(anonymous_844)
FNDA:0,(anonymous_845)
FNDA:0,(anonymous_846)
FNDA:0,(anonymous_847)
FNDA:0,(anonymous_848)
FNDA:0,(anonymous_849)
FNDA:0,(anonymous_850)
FNDA:0,(anonymous_851)
FNDA:0,(anonymous_852)
FNDA:0,(anonymous_853)
FNDA:0,(anonymous_854)
FNDA:0,(anonymous_855)
FNDA:0,(anonymous_856)
FNDA:0,(anonymous_857)
FNDA:0,(anonymous_858)
FNDA:0,(anonymous_859)
FNDA:0,(anonymous_860)
FNDA:0,(anonymous_861)
FNDA:0,(anonymous_862)
FNDA:0,(anonymous_863)
FNDA:0,(anonymous_864)
FNDA:0,(anonymous_865)
FNDA:0,(anonymous_866)
FNDA:0,(anonymous_867)
FNDA:0,(anonymous_868)
FNDA:0,(anonymous_869)
FNDA:0,(anonymous_870)
FNDA:0,(anonymous_871)
FNDA:0,(anonymous_872)
FNDA:0,(anonymous_873)
FNDA:0,(anonymous_874)
FNDA:0,(anonymous_875)
FNDA:0,(anonymous_876)
FNDA:0,(anonymous_877)
FNDA:0,(anonymous_878)
FNDA:0,(anonymous_879)
FNDA:0,(anonymous_880)
FNDA:0,(anonymous_881)
FNDA:0,(anonymous_882)
FNDA:0,(anonymous_883)
FNDA:0,(anonymous_884)
FNDA:0,(anonymous_885)
FNDA:0,(anonymous_886)
FNDA:0,(anonymous_887)
FNDA:0,(anonymous_888)
FNDA:0,(anonymous_889)
FNDA:0,(anonymous_890)
FNDA:0,(anonymous_891)
FNDA:0,(anonymous_892)
FNDA:0,(anonymous_893)
FNDA:0,(anonymous_894)
FNDA:0,(anonymous_895)
FNDA:0,(anonymous_896)
FNDA:0,(anonymous_897)
FNDA:0,(anonymous_898)
FNDA:0,(anonymous_899)
FNDA:0,(anonymous_900)
FNDA:0,(anonymous_901)
FNDA:0,(anonymous_902)
FNDA:0,(anonymous_903)
FNDA:0,(anonymous_904)
FNDA:0,(anonymous_905)
FNDA:0,(anonymous_906)
FNDA:0,(anonymous_907)
FNDA:0,(anonymous_908)
FNDA:0,(anonymous_909)
FNDA:0,(anonymous_910)
FNDA:0,(anonymous_911)
FNDA:0,(anonymous_912)
FNDA:0,(anonymous_913)
FNDA:0,(anonymous_914)
FNDA:0,(anonymous_915)
FNDA:0,(anonymous_916)
FNDA:0,(anonymous_917)
FNDA:0,(anonymous_918)
FNDA:0,(anonymous_919)
FNDA:0,(anonymous_920)
FNDA:0,(anonymous_921)
FNDA:0,(anonymous_922)
FNDA:0,(anonymous_923)
FNDA:0,(anonymous_924)
FNDA:0,(anonymous_925)
FNDA:0,(anonymous_926)
FNDA:0,(anonymous_927)
FNDA:0,(anonymous_928)
FNDA:0,(anonymous_929)
FNDA:0,(anonymous_930)
FNDA:0,(anonymous_931)
FNDA:0,(anonymous_932)
FNDA:0,(anonymous_933)
FNDA:0,(anonymous_934)
FNDA:0,(anonymous_935)
FNDA:0,(anonymous_936)
FNDA:0,(anonymous_937)
FNDA:0,(anonymous_938)
FNDA:0,(anonymous_939)
FNDA:0,(anonymous_940)
FNDA:0,(anonymous_941)
FNDA:0,(anonymous_942)
FNDA:0,(anonymous_943)
FNDA:0,(anonymous_944)
FNDA:0,(anonymous_945)
FNDA:0,(anonymous_946)
FNDA:0,(anonymous_947)
FNDA:0,(anonymous_948)
FNDA:0,(anonymous_949)
FNDA:0,(anonymous_950)
FNDA:0,(anonymous_951)
FNDA:0,(anonymous_952)
FNDA:0,(anonymous_953)
FNDA:0,(anonymous_954)
FNDA:0,(anonymous_955)
FNDA:0,(anonymous_956)
FNDA:0,(anonymous_957)
FNDA:0,(anonymous_958)
FNDA:0,(anonymous_959)
FNDA:0,(anonymous_960)
FNDA:0,(anonymous_961)
FNDA:0,(anonymous_962)
FNDA:0,(anonymous_963)
FNDA:0,(anonymous_964)
FNDA:0,(anonymous_965)
FNDA:0,(anonymous_966)
FNDA:0,(anonymous_967)
FNDA:0,(anonymous_968)
FNDA:0,(anonymous_969)
FNDA:0,(anonymous_970)
FNDA:0,(anonymous_971)
FNDA:0,(anonymous_972)
FNDA:0,(anonymous_973)
FNDA:0,(anonymous_974)
FNDA:0,(anonymous_975)
FNDA:0,(anonymous_976)
FNDA:0,(anonymous_977)
FNDA:0,(anonymous_978)
FNDA:0,(anonymous_979)
FNDA:0,(anonymous_980)
FNDA:0,(anonymous_981)
FNDA:0,(anonymous_982)
FNDA:0,(anonymous_983)
FNDA:0,(anonymous_984)
FNDA:0,(anonymous_985)
FNDA:0,(anonymous_986)
FNDA:0,(anonymous_987)
FNDA:0,(anonymous_988)
FNDA:0,(anonymous_989)
FNDA:0,(anonymous_990)
FNDA:0,(anonymous_991)
FNDA:0,(anonymous_992)
FNDA:0,(anonymous_993)
FNDA:0,(anonymous_994)
FNDA:0,(anonymous_995)
FNDA:0,(anonymous_996)
FNDA:0,(anonymous_997)
FNDA:0,(anonymous_998)
FNDA:0,(anonymous_999)
FNDA:0,(anonymous_1000)
FNDA:0,(anonymous_1001)
FNDA:0,(anonymous_1002)
FNDA:0,(anonymous_1003)
FNDA:0,(anonymous_1004)
FNDA:0,(anonymous_1005)
FNDA:0,(anonymous_1006)
FNDA:0,(anonymous_1007)
FNDA:0,(anonymous_1008)
FNDA:0,(anonymous_1009)
FNDA:0,(anonymous_1010)
FNDA:0,(anonymous_1011)
FNDA:0,(anonymous_1012)
FNDA:0,(anonymous_1013)
FNDA:0,(anonymous_1014)
FNDA:0,(anonymous_1015)
FNDA:0,(anonymous_1016)
FNDA:0,(anonymous_1017)
FNDA:0,(anonymous_1018)
FNDA:0,(anonymous_1019)
FNDA:0,(anonymous_1020)
FNDA:0,(anonymous_1021)
FNDA:0,(anonymous_1022)
FNDA:0,(anonymous_1023)
FNDA:0,(anonymous_1024)
FNDA:0,(anonymous_1025)
FNDA:0,(anonymous_1026)
FNDA:0,(anonymous_1027)
FNDA:0,(anonymous_1028)
FNDA:0,(anonymous_1029)
FNDA:0,(anonymous_1030)
FNDA:0,(anonymous_1031)
FNDA:0,(anonymous_1032)
FNDA:0,(anonymous_1033)
FNDA:0,(anonymous_1034)
FNDA:0,(anonymous_1035)
FNDA:0,(anonymous_1036)
FNDA:0,(anonymous_1037)
FNDA:0,(anonymous_1038)
FNDA:0,(anonymous_1039)
FNDA:0,(anonymous_1040)
FNDA:0,(anonymous_1041)
FNDA:0,(anonymous_1042)
FNDA:0,(anonymous_1043)
FNDA:0,(anonymous_1044)
FNDA:0,(anonymous_1045)
FNDA:0,(anonymous_1046)
FNDA:0,(anonymous_1047)
FNDA:0,(anonymous_1048)
FNDA:0,(anonymous_1049)
FNDA:0,(anonymous_1050)
FNDA:0,(anonymous_1051)
FNDA:0,(anonymous_1052)
FNDA:0,(anonymous_1053)
FNDA:0,(anonymous_1054)
FNDA:0,(anonymous_1055)
FNDA:0,(anonymous_1056)
FNDA:0,(anonymous_1057)
FNDA:0,(anonymous_1058)
FNDA:0,(anonymous_1059)
FNDA:0,(anonymous_1060)
FNDA:0,(anonymous_1061)
FNDA:0,(anonymous_1062)
FNDA:0,(anonymous_1063)
FNDA:0,(anonymous_1064)
FNDA:0,(anonymous_1065)
FNDA:0,(anonymous_1066)
FNDA:0,(anonymous_1067)
FNDA:0,(anonymous_1068)
FNDA:0,(anonymous_1069)
FNDA:0,(anonymous_1070)
FNDA:0,(anonymous_1071)
FNDA:0,(anonymous_1072)
FNDA:0,(anonymous_1073)
FNDA:0,(anonymous_1074)
FNDA:0,(anonymous_1075)
FNDA:0,(anonymous_1076)
FNDA:0,(anonymous_1077)
FNDA:0,(anonymous_1078)
FNDA:0,(anonymous_1079)
FNDA:0,(anonymous_1080)
FNDA:0,(anonymous_1081)
FNDA:0,(anonymous_1082)
FNDA:0,(anonymous_1083)
FNDA:0,(anonymous_1084)
FNDA:0,(anonymous_1085)
FNDA:0,(anonymous_1086)
FNDA:0,(anonymous_1087)
FNDA:0,(anonymous_1088)
FNDA:0,(anonymous_1089)
FNDA:0,(anonymous_1090)
FNDA:0,(anonymous_1091)
FNDA:0,(anonymous_1092)
FNDA:0,(anonymous_1093)
FNDA:0,(anonymous_1094)
FNDA:0,(anonymous_1095)
FNDA:0,(anonymous_1096)
FNDA:0,(anonymous_1097)
FNDA:0,(anonymous_1098)
FNDA:0,(anonymous_1099)
FNDA:0,(anonymous_1100)
FNDA:0,(anonymous_1101)
FNDA:0,(anonymous_1102)
FNDA:0,(anonymous_1103)
FNDA:0,(anonymous_1104)
FNDA:0,(anonymous_1105)
FNDA:0,(anonymous_1106)
FNDA:0,(anonymous_1107)
FNDA:0,(anonymous_1108)
FNDA:0,(anonymous_1109)
FNDA:0,(anonymous_1110)
FNDA:0,(anonymous_1111)
FNDA:0,(anonymous_1112)
FNDA:0,(anonymous_1113)
FNDA:0,(anonymous_1114)
FNDA:0,(anonymous_1115)
FNDA:0,(anonymous_1116)
FNDA:0,(anonymous_1117)
FNDA:0,(anonymous_1118)
FNDA:0,(anonymous_1119)
FNDA:0,(anonymous_1120)
FNDA:0,(anonymous_1121)
FNDA:0,(anonymous_1122)
FNDA:0,(anonymous_1123)
FNDA:0,(anonymous_1124)
FNDA:0,(anonymous_1125)
FNDA:0,(anonymous_1126)
FNDA:0,(anonymous_1127)
FNDA:0,(anonymous_1128)
FNDA:0,(anonymous_1129)
FNDA:0,(anonymous_1130)
FNDA:0,(anonymous_1131)
FNDA:0,(anonymous_1132)
FNDA:0,(anonymous_1133)
FNDA:0,(anonymous_1134)
FNDA:0,(anonymous_1135)
FNDA:0,(anonymous_1136)
FNDA:0,(anonymous_1137)
FNDA:0,(anonymous_1138)
FNDA:0,(anonymous_1139)
FNDA:0,(anonymous_1140)
FNDA:0,(anonymous_1141)
FNDA:0,(anonymous_1142)
FNDA:0,(anonymous_1143)
FNDA:0,(anonymous_1144)
FNDA:0,(anonymous_1145)
FNDA:0,(anonymous_1146)
FNDA:0,(anonymous_1147)
FNDA:0,(anonymous_1148)
FNDA:0,(anonymous_1149)
FNDA:0,(anonymous_1150)
FNDA:0,(anonymous_1151)
FNDA:0,(anonymous_1152)
FNDA:0,(anonymous_1153)
FNDA:0,(anonymous_1154)
FNDA:0,(anonymous_1155)
FNDA:0,(anonymous_1156)
FNDA:0,(anonymous_1157)
FNDA:0,(anonymous_1158)
FNDA:0,(anonymous_1159)
FNDA:0,(anonymous_1160)
FNDA:0,(anonymous_1161)
FNDA:0,(anonymous_1162)
FNDA:0,(anonymous_1163)
FNDA:0,(anonymous_1164)
FNDA:0,(anonymous_1165)
FNDA:0,(anonymous_1166)
FNDA:0,(anonymous_1167)
FNDA:0,(anonymous_1168)
FNDA:0,(anonymous_1169)
FNDA:0,(anonymous_1170)
FNDA:0,(anonymous_1171)
FNDA:0,(anonymous_1172)
FNDA:0,(anonymous_1173)
FNDA:0,(anonymous_1174)
FNDA:0,(anonymous_1175)
FNDA:0,(anonymous_1176)
FNDA:0,(anonymous_1177)
FNDA:0,(anonymous_1178)
FNDA:0,(anonymous_1179)
FNDA:0,(anonymous_1180)
FNDA:0,(anonymous_1181)
FNDA:0,(anonymous_1182)
FNDA:0,(anonymous_1183)
FNDA:0,(anonymous_1184)
FNDA:0,(anonymous_1185)
FNDA:0,(anonymous_1186)
FNDA:0,(anonymous_1187)
FNDA:0,(anonymous_1188)
FNDA:0,(anonymous_1189)
FNDA:0,(anonymous_1190)
FNDA:0,(anonymous_1191)
FNDA:0,(anonymous_1192)
FNDA:0,(anonymous_1193)
FNDA:0,(anonymous_1194)
FNDA:0,(anonymous_1195)
FNDA:0,(anonymous_1196)
FNDA:0,(anonymous_1197)
FNDA:0,(anonymous_1198)
FNDA:0,(anonymous_1199)
FNDA:0,(anonymous_1200)
FNDA:0,(anonymous_1201)
FNDA:0,(anonymous_1202)
FNDA:0,(anonymous_1203)
FNDA:0,(anonymous_1204)
FNDA:0,(anonymous_1205)
FNDA:0,(anonymous_1206)
FNDA:0,(anonymous_1207)
FNDA:0,(anonymous_1208)
FNDA:0,(anonymous_1209)
FNDA:0,(anonymous_1210)
FNDA:0,(anonymous_1211)
FNDA:0,(anonymous_1212)
FNDA:0,(anonymous_1213)
FNDA:0,(anonymous_1214)
FNDA:0,(anonymous_1215)
[...]
FNDA:0,(anonymous_4)
FNDA:0,(anonymous_5)
FNDA:0,(anonymous_6)
FNDA:0,(anonymous_7)
FNDA:0,(anonymous_8)
FNDA:0,(anonymous_9)
FNDA:0,(anonymous_10)
FNDA:0,(anonymous_11)
FNDA:0,(anonymous_12)
FNDA:0,(anonymous_13)
FNDA:0,(anonymous_14)
FNDA:0,(anonymous_15)
FNDA:0,(anonymous_16)
FNDA:0,(anonymous_17)
FNDA:0,(anonymous_18)
FNDA:0,(anonymous_19)
FNDA:0,(anonymous_20)
FNDA:0,(anonymous_21)
FNDA:0,(anonymous_22)
FNDA:0,(anonymous_23)
FNDA:0,(anonymous_24)
FNDA:0,(anonymous_25)
FNDA:0,(anonymous_26)
FNDA:0,(anonymous_27)
FNDA:0,(anonymous_28)
FNDA:0,(anonymous_29)
FNDA:0,(anonymous_30)
FNDA:0,(anonymous_31)
FNDA:0,(anonymous_32)
FNDA:0,(anonymous_33)
FNDA:0,(anonymous_34)
FNDA:0,(anonymous_35)
FNDA:0,(anonymous_36)
FNDA:0,(anonymous_37)
FNDA:0,(anonymous_38)
FNDA:0,(anonymous_39)
FNDA:0,(anonymous_40)
FNDA:0,(anonymous_41)
FNDA:0,(anonymous_42)
FNDA:0,(anonymous_43)
FNDA:0,(anonymous_44)
FNDA:0,(anonymous_45)
FNDA:0,(anonymous_46)
FNDA:0,(anonymous_47)
FNDA:0,(anonymous_48)
FNDA:0,(anonymous_49)
FNDA:0,(anonymous_50)
FNDA:0,(anonymous_51)
FNDA:0,(anonymous_52)
FNDA:0,(anonymous_53)
FNDA:0,(anonymous_54)
FNDA:0,(anonymous_55)
FNDA:0,(anonymous_56)
FNDA:0,(anonymous_57)
FNDA:0,(anonymous_58)
FNDA:0,(anonymous_59)
FNDA:0,(anonymous_60)
FNDA:0,(anonymous_61)
FNDA:0,(anonymous_62)
FNDA:0,(anonymous_63)
FNDA:0,(anonymous_64)
FNDA:0,(anonymous_65)
FNDA:0,(anonymous_66)
FNDA:0,(anonymous_67)
FNDA:0,(anonymous_68)
FNDA:0,(anonymous_69)
FNDA:0,(anonymous_70)
FNDA:0,(anonymous_71)
FNDA:0,(anonymous_72)
FNDA:0,(anonymous_73)
FNDA:0,(anonymous_74)
FNDA:0,(anonymous_75)
FNDA:0,(anonymous_76)
FNDA:0,(anonymous_77)
FNDA:0,(anonymous_78)
FNDA:0,(anonymous_79)
FNDA:0,(anonymous_80)
FNDA:0,(anonymous_81)
FNDA:0,(anonymous_82)
FNDA:0,(anonymous_83)
FNDA:0,(anonymous_84)
FNDA:0,(anonymous_85)
FNDA:0,(anonymous_86)
FNDA:0,(anonymous_87)
FNDA:0,(anonymous_88)
FNDA:0,(anonymous_89)
FNDA:0,(anonymous_90)
FNDA:0,(anonymous_91)
FNDA:0,(anonymous_92)
FNDA:0,(anonymous_93)
FNDA:0,(anonymous_94)
FNDA:0,(anonymous_95)
FNDA:0,(anonymous_96)
FNDA:0,(anonymous_97)
FNDA:0,(anonymous_98)
DA:1,0
LF:1
LH:0
BRDA:1,0,0,0
BRDA:1,0,1,0
BRDA:1,1,0,0
BRDA:1,1,1,0
BRDA:1,2,0,0
BRDA:1,2,1,0
BRDA:1,3,0,0
BRDA:1,3,1,0
BRDA:1,4,0,0
BRDA:1,4,1,0
BRDA:1,5,0,0
BRDA:1,5,1,0
BRDA:1,6,0,0
BRDA:1,6,1,0
BRDA:1,6,2,0
BRDA:1,6,3,0
BRDA:1,6,4,0
BRDA:1,7,0,0
BRDA:1,7,1,0
BRDA:1,8,0,0
BRDA:1,8,1,0
BRDA:1,9,0,0
BRDA:1,9,1,0
BRDA:1,10,0,0
BRDA:1,10,1,0
BRDA:1,11,0,0
BRDA:1,11,1,0
BRDA:1,12,0,0
BRDA:1,12,1,0
BRDA:1,13,0,0
BRDA:1,13,1,0
BRDA:1,14,0,0
BRDA:1,14,1,0
BRDA:1,15,0,0
BRDA:1,15,1,0
BRDA:1,16,0,0
BRDA:1,16,1,0
BRDA:1,17,0,0
BRDA:1,17,1,0
BRDA:1,18,0,0
BRDA:1,18,1,0
BRDA:1,19,0,0
BRDA:1,19,1,0
BRDA:1,19,2,0
BRDA:1,20,0,0
BRDA:1,20,1,0
BRDA:1,21,0,0
BRDA:1,21,1,0
BRDA:1,22,0,0
BRDA:1,22,1,0
BRDA:1,23,0,0
BRDA:1,23,1,0
BRDA:1,23,2,0
BRDA:1,24,0,0
BRDA:1,24,1,0
BRDA:1,25,0,0
BRDA:1,25,1,0
BRDA:1,26,0,0
BRDA:1,26,1,0
BRDA:1,27,0,0
BRDA:1,27,1,0
BRDA:1,28,0,0
BRDA:1,28,1,0
BRDA:1,28,2,0
BRDA:1,29,0,0
BRDA:1,29,1,0
BRDA:1,30,0,0
BRDA:1,30,1,0
BRDA:1,31,0,0
BRDA:1,31,1,0
BRDA:1,32,0,0
BRDA:1,32,1,0
BRDA:1,33,0,0
BRDA:1,33,1,0
BRDA:1,34,0,0
BRDA:1,34,1,0
BRDA:1,35,0,0
BRDA:1,35,1,0
BRDA:1,36,0,0
BRDA:1,36,1,0
BRDA:1,37,0,0
BRDA:1,37,1,0
BRDA:1,38,0,0
BRDA:1,38,1,0
BRDA:1,39,0,0
BRDA:1,39,1,0
BRDA:1,40,0,0
BRDA:1,40,1,0
BRDA:1,41,0,0
BRDA:1,41,1,0
BRDA:1,42,0,0
BRDA:1,42,1,0
BRDA:1,42,2,0
BRDA:1,43,0,0
BRDA:1,43,1,0
BRDA:1,44,0,0
BRDA:1,44,1,0
BRDA:1,45,0,0
BRDA:1,45,1,0
BRDA:1,46,0,0
BRDA:1,46,1,0
BRDA:1,47,0,0
BRDA:1,47,1,0
BRDA:1,48,0,0
BRDA:1,48,1,0
BRDA:1,49,0,0
BRDA:1,49,1,0
BRDA:1,50,0,0
BRDA:1,50,1,0
BRDA:1,51,0,0
BRDA:1,51,1,0
BRDA:1,52,0,0
BRDA:1,52,1,0
BRDA:1,53,0,0
BRDA:1,53,1,0
BRDA:1,54,0,0
BRDA:1,54,1,0
BRDA:1,55,0,0
BRDA:1,55,1,0
BRDA:1,56,0,0
BRDA:1,56,1,0
BRDA:1,57,0,0
BRDA:1,57,1,0
BRDA:1,58,0,0
BRDA:1,58,1,0
BRDA:1,59,0,0
BRDA:1,59,1,0
BRDA:1,60,0,0
BRDA:1,60,1,0
BRDA:1,61,0,0
BRDA:1,61,1,0
BRDA:1,62,0,0
BRDA:1,62,1,0
BRDA:1,63,0,0
BRDA:1,63,1,0
BRDA:1,64,0,0
BRDA:1,64,1,0
BRDA:1,65,0,0
BRDA:1,65,1,0
BRDA:1,66,0,0
BRDA:1,66,1,0
BRDA:1,67,0,0
BRDA:1,67,1,0
BRDA:1,68,0,0
BRDA:1,68,1,0
BRDA:1,69,0,0
BRDA:1,69,1,0
BRDA:1,70,0,0
BRDA:1,70,1,0
BRDA:1,71,0,0
BRDA:1,71,1,0
BRDA:1,72,0,0
BRDA:1,72,1,0
BRDA:1,73,0,0
BRDA:1,73,1,0
BRDA:1,74,0,0
BRDA:1,74,1,0
BRDA:1,75,0,0
BRDA:1,75,1,0
BRDA:1,76,0,0
BRDA:1,76,1,0
BRDA:1,77,0,0
BRDA:1,77,1,0
BRDA:1,78,0,0
BRDA:1,78,1,0
BRDA:1,79,0,0
BRDA:1,79,1,0
BRDA:1,80,0,0
BRDA:1,80,1,0
BRDA:1,81,0,0
BRDA:1,81,1,0
BRDA:1,82,0,0
BRDA:1,82,1,0
BRDA:1,83,0,0
BRDA:1,83,1,0
BRDA:1,84,0,0
BRDA:1,84,1,0
BRDA:1,85,0,0
BRDA:1,85,1,0
BRDA:1,86,0,0
BRDA:1,86,1,0
BRDA:1,87,0,0
BRDA:1,87,1,0
BRDA:1,88,0,0
BRDA:1,88,1,0
BRDA:1,89,0,0
BRDA:1,89,1,0
BRDA:1,90,0,0
BRDA:1,90,1,0
BRDA:1,91,0,0
BRDA:1,91,1,0
BRDA:1,92,0,0
BRDA:1,92,1,0
BRDA:1,93,0,0
BRDA:1,93,1,0
BRDA:1,94,0,0
BRDA:1,94,1,0
BRDA:1,95,0,0
BRDA:1,95,1,0
BRDA:1,96,0,0
BRDA:1,96,1,0
BRDA:1,97,0,0
BRDA:1,97,1,0
BRDA:1,98,0,0
BRDA:1,98,1,0
BRDA:1,99,0,0
BRDA:1,99,1,0
BRDA:1,100,0,0
BRDA:1,100,1,0
BRDA:1,101,0,0
BRDA:1,101,1,0
BRDA:1,102,0,0
BRDA:1,102,1,0
BRDA:1,103,0,0
BRDA:1,103,1,0
BRDA:1,104,0,0
BRDA:1,104,1,0
BRDA:1,105,0,0
BRDA:1,105,1,0
BRDA:1,106,0,0
BRDA:1,106,1,0
BRDA:1,107,0,0
BRDA:1,107,1,0
BRDA:1,108,0,0
BRDA:1,108,1,0
BRDA:1,109,0,0
BRDA:1,109,1,0
BRDA:1,110,0,0
BRDA:1,110,1,0
BRDA:1,111,0,0
BRDA:1,111,1,0
BRDA:1,112,0,0
BRDA:1,112,1,0
BRDA:1,113,0,0
BRDA:1,113,1,0
BRDA:1,114,0,0
BRDA:1,114,1,0
BRDA:1,115,0,0
BRDA:1,115,1,0
BRDA:1,116,0,0
BRDA:1,116,1,0
BRDA:1,117,0,0
BRDA:1,117,1,0
BRDA:1,118,0,0
BRDA:1,118,1,0
BRDA:1,119,0,0
BRDA:1,119,1,0
BRDA:1,120,0,0
BRDA:1,120,1,0
BRDA:1,121,0,0
BRDA:1,121,1,0
BRDA:1,122,0,0
BRDA:1,122,1,0
BRDA:1,122,2,0
BRDA:1,123,0,0
BRDA:1,123,1,0
BRDA:1,123,2,0
BRDA:1,123,3,0
BRDA:1,124,0,0
BRDA:1,124,1,0
BRDA:1,125,0,0
BRDA:1,125,1,0
BRDA:1,126,0,0
BRDA:1,126,1,0
BRDA:1,127,0,0
BRDA:1,127,1,0
BRDA:1,128,0,0
BRDA:1,128,1,0
BRDA:1,129,0,0
BRDA:1,129,1,0
BRDA:1,130,0,0
BRDA:1,130,1,0
BRDA:1,131,0,0
BRDA:1,131,1,0
BRDA:1,132,0,0
BRDA:1,132,1,0
BRDA:1,133,0,0
BRDA:1,133,1,0
BRDA:1,134,0,0
BRDA:1,134,1,0
BRDA:1,134,2,0
BRDA:1,135,0,0
BRDA:1,135,1,0
BRDA:1,136,0,0
BRDA:1,136,1,0
BRDA:1,137,0,0
BRDA:1,137,1,0
BRDA:1,138,0,0
BRDA:1,138,1,0
BRDA:1,138,2,0
BRDA:1,139,0,0
BRDA:1,139,1,0
BRDA:1,140,0,0
BRDA:1,140,1,0
BRDA:1,141,0,0
BRDA:1,141,1,0
BRDA:1,142,0,0
BRDA:1,142,1,0
BRDA:1,143,0,0
BRDA:1,143,1,0
BRDA:1,144,0,0
BRDA:1,144,1,0
BRDA:1,145,0,0
BRDA:1,145,1,0
BRDA:1,146,0,0
BRDA:1,146,1,0
BRDA:1,147,0,0
BRDA:1,147,1,0
BRDA:1,148,0,0
BRDA:1,148,1,0
BRDA:1,149,0,0
BRDA:1,149,1,0
BRDA:1,150,0,0
BRDA:1,150,1,0
BRDA:1,150,2,0
BRDA:1,151,0,0
BRDA:1,151,1,0
BRDA:1,152,0,0
BRDA:1,152,1,0
BRDA:1,152,2,0
BRDA:1,152,3,0
BRDA:1,153,0,0
BRDA:1,153,1,0
BRDA:1,154,0,0
BRDA:1,154,1,0
BRDA:1,155,0,0
BRDA:1,155,1,0
BRDA:1,156,0,0
BRDA:1,156,1,0
BRDA:1,157,0,0
BRDA:1,157,1,0
BRDA:1,158,0,0
BRDA:1,158,1,0
BRDA:1,159,0,0
BRDA:1,159,1,0
BRDA:1,159,2,0
BRDA:1,159,3,0
BRDA:1,160,0,0
BRDA:1,160,1,0
BRDA:1,161,0,0
BRDA:1,161,1,0
BRDA:1,162,0,0
BRDA:1,162,1,0
BRDA:1,163,0,0
BRDA:1,163,1,0
BRDA:1,163,2,0
BRDA:1,164,0,0
BRDA:1,164,1,0
BRDA:1,165,0,0
BRDA:1,165,1,0
BRDA:1,166,0,0
BRDA:1,166,1,0
BRDA:1,167,0,0
BRDA:1,167,1,0
BRDA:1,168,0,0
BRDA:1,168,1,0
BRDA:1,169,0,0
BRDA:1,169,1,0
BRDA:1,170,0,0
BRDA:1,170,1,0
BRDA:1,171,0,0
BRDA:1,171,1,0
BRDA:1,172,0,0
BRDA:1,172,1,0
BRDA:1,173,0,0
BRDA:1,173,1,0
BRDA:1,174,0,0
BRDA:1,174,1,0
BRDA:1,175,0,0
BRDA:1,175,1,0
BRDA:1,176,0,0
BRDA:1,176,1,0
BRDA:1,177,0,0
BRDA:1,177,1,0
BRDA:1,178,0,0
BRDA:1,178,1,0
BRDA:1,179,0,0
BRDA:1,179,1,0
BRF:378
BRH:0
end_of_record
TN:
SF:NodeJS\public\semantic\components\visit.js
FN:12,(anonymous_0)
FN:16,(anonymous_1)
FN:32,(anonymous_2)
FN:53,(anonymous_3)
FN:67,(anonymous_4)
FN:75,(anonymous_5)
FN:82,(anonymous_6)
FN:99,(anonymous_7)
FN:114,(anonymous_8)
FN:117,(anonymous_9)
FN:121,(anonymous_10)
FN:132,(anonymous_11)
FN:150,(anonymous_12)
FN:156,(anonymous_13)
FN:167,(anonymous_14)
FN:170,(anonymous_15)
FN:175,(anonymous_16)
FN:181,(anonymous_17)
FN:200,(anonymous_18)
FN:215,(anonymous_19)
FN:222,(anonymous_20)
FN:235,(anonymous_21)
FN:250,(anonymous_22)
FN:259,(anonymous_23)
FN:279,(anonymous_24)
FN:299,(anonymous_25)
FN:310,(anonymous_26)
FN:324,(anonymous_27)
FN:335,(anonymous_28)
FN:346,(anonymous_29)
FN:351,(anonymous_30)
FN:372,(anonymous_31)
FN:379,(anonymous_32)
FN:395,(anonymous_33)
FN:404,(anonymous_34)
FN:416,(anonymous_35)
FN:506,(anonymous_36)
FN:507,(anonymous_37)
FNF:38
FNH:0
FNDA:0,(anonymous_0)
FNDA:0,(anonymous_1)
FNDA:0,(anonymous_2)
FNDA:0,(anonymous_3)
FNDA:0,(anonymous_4)
FNDA:0,(anonymous_5)
FNDA:0,(anonymous_6)
FNDA:0,(anonymous_7)
FNDA:0,(anonymous_8)
FNDA:0,(anonymous_9)
FNDA:0,(anonymous_10)
FNDA:0,(anonymous_11)
FNDA:0,(anonymous_12)
FNDA:0,(anonymous_13)
FNDA:0,(anonymous_14)
FNDA:0,(anonymous_15)
FNDA:0,(anonymous_16)
FNDA:0,(anonymous_17)
FNDA:0,(anonymous_18)
FNDA:0,(anonymous_19)
FNDA:0,(anonymous_20)
FNDA:0,(anonymous_21)
FNDA:0,(anonymous_22)
FNDA:0,(anonymous_23)
FNDA:0,(anonymous_24)
FNDA:0,(anonymous_25)
FNDA:0,(anonymous_26)
FNDA:0,(anonymous_27)
FNDA:0,(anonymous_28)
FNDA:0,(anonymous_29)
FNDA:0,(anonymous_30)
FNDA:0,(anonymous_31)
FNDA:0,(anonymous_32)
FNDA:0,(anonymous_33)
FNDA:0,(anonymous_34)
FNDA:0,(anonymous_35)
FNDA:0,(anonymous_36)
FNDA:0,(anonymous_37)
DA:12,0
DA:16,0
DA:18,0
DA:21,0
DA:23,0
DA:24,0
DA:26,0
DA:27,0
DA:28,0
DA:31,0
DA:34,0
DA:38,0
DA:39,0
DA:41,0
DA:42,0
DA:44,0
DA:45,0
DA:47,0
DA:48,0
DA:51,0
DA:54,0
DA:55,0
DA:57,0
DA:58,0
DA:60,0
DA:61,0
DA:63,0
DA:64,0
DA:68,0
DA:69,0
DA:70,0
DA:76,0
DA:77,0
DA:84,0
DA:85,0
DA:87,0
DA:88,0
DA:91,0
DA:92,0
DA:94,0
DA:95,0
DA:101,0
DA:102,0
DA:104,0
DA:105,0
DA:108,0
DA:109,0
DA:115,0
DA:118,0
DA:119,0
DA:123,0
DA:125,0
DA:126,0
DA:127,0
DA:129,0
DA:130,0
DA:134,0
DA:136,0
DA:137,0
DA:139,0
DA:140,0
DA:142,0
DA:143,0
DA:145,0
DA:152,0
DA:154,0
DA:155,0
DA:156,0
DA:157,0
DA:158,0
DA:162,0
DA:168,0
DA:171,0
DA:176,0
DA:177,0
DA:183,0
DA:184,0
DA:188,0
DA:189,0
DA:191,0
DA:192,0
DA:195,0
DA:196,0
DA:198,0
DA:202,0
DA:204,0
DA:205,0
DA:206,0
DA:217,0
DA:218,0
DA:220,0
DA:221,0
DA:222,0
DA:223,0
DA:224,0
DA:227,0
DA:228,0
DA:230,0
DA:236,0
DA:237,0
DA:238,0
DA:239,0
DA:240,0
DA:242,0
DA:243,0
DA:245,0
DA:251,0
DA:252,0
DA:253,0
DA:254,0
DA:261,0
DA:263,0
DA:264,0
DA:265,0
DA:267,0
DA:268,0
DA:269,0
DA:272,0
DA:273,0
DA:275,0
DA:276,0
DA:283,0
DA:284,0
DA:287,0
DA:288,0
DA:291,0
DA:293,0
DA:294,0
DA:296,0
DA:300,0
DA:301,0
DA:303,0
DA:304,0
DA:307,0
DA:311,0
DA:312,0
DA:313,0
DA:314,0
DA:317,0
DA:321,0
DA:325,0
DA:326,0
DA:327,0
DA:330,0
DA:331,0
DA:336,0
DA:337,0
DA:338,0
DA:341,0
DA:342,0
DA:347,0
DA:348,0
DA:357,0
DA:358,0
DA:359,0
DA:360,0
DA:361,0
DA:362,0
DA:369,0
DA:370,0
DA:374,0
DA:375,0
DA:377,0
DA:378,0
DA:379,0
DA:380,0
DA:382,0
DA:383,0
DA:384,0
DA:386,0
DA:387,0
DA:389,0
DA:390,0
DA:391,0
DA:392,0
DA:395,0
DA:396,0
DA:399,0
DA:401,0
DA:406,0
DA:411,0
DA:412,0
DA:413,0
DA:414,0
DA:415,0
DA:416,0
DA:417,0
DA:421,0
DA:422,0
DA:424,0
DA:425,0
DA:426,0
DA:428,0
DA:429,0
DA:431,0
DA:432,0
DA:433,0
DA:436,0
DA:440,0
DA:441,0
DA:443,0
DA:444,0
DA:446,0
DA:447,0
DA:449,0
DA:450,0
DA:452,0
DA:453,0
DA:455,0
DA:458,0
DA:459,0
DA:460,0
DA:462,0
DA:465,0
DA:466,0
DA:468,0
DA:473,0
DA:479,0
LF:218
LH:0
BRDA:18,0,0,0
BRDA:18,0,1,0
BRDA:21,1,0,0
BRDA:21,1,1,0
BRDA:34,2,0,0
BRDA:34,2,1,0
BRDA:54,3,0,0
BRDA:54,3,1,0
BRDA:57,4,0,0
BRDA:57,4,1,0
BRDA:60,5,0,0
BRDA:60,5,1,0
BRDA:60,6,0,0
BRDA:60,6,1,0
BRDA:87,7,0,0
BRDA:87,7,1,0
BRDA:91,8,0,0
BRDA:91,8,1,0
BRDA:91,9,0,0
BRDA:91,9,1,0
BRDA:104,10,0,0
BRDA:104,10,1,0
BRDA:115,11,0,0
BRDA:115,11,1,0
BRDA:118,12,0,0
BRDA:118,12,1,0
BRDA:125,13,0,0
BRDA:125,13,1,0
BRDA:126,14,0,0
BRDA:126,14,1,0
BRDA:136,15,0,0
BRDA:136,15,1,0
BRDA:139,16,0,0
BRDA:139,16,1,0
BRDA:142,17,0,0
BRDA:142,17,1,0
BRDA:154,18,0,0
BRDA:154,18,1,0
BRDA:155,19,0,0
BRDA:155,19,1,0
BRDA:155,20,0,0
BRDA:155,20,1,0
BRDA:157,21,0,0
BRDA:157,21,1,0
BRDA:184,22,0,0
BRDA:184,22,1,0
BRDA:184,23,0,0
BRDA:184,23,1,0
BRDA:188,24,0,0
BRDA:188,24,1,0
BRDA:191,25,0,0
BRDA:191,25,1,0
BRDA:204,26,0,0
BRDA:204,26,1,0
BRDA:204,27,0,0
BRDA:204,27,1,0
BRDA:206,28,0,0
BRDA:206,28,1,0
BRDA:220,29,0,0
BRDA:220,29,1,0
BRDA:220,30,0,0
BRDA:220,30,1,0
BRDA:223,31,0,0
BRDA:223,31,1,0
BRDA:236,32,0,0
BRDA:236,32,1,0
BRDA:237,33,0,0
BRDA:237,33,1,0
BRDA:238,34,0,0
BRDA:238,34,1,0
BRDA:251,35,0,0
BRDA:251,35,1,0
BRDA:252,36,0,0
BRDA:252,36,1,0
BRDA:263,37,0,0
BRDA:263,37,1,0
BRDA:263,38,0,0
BRDA:263,38,1,0
BRDA:267,39,0,0
BRDA:267,39,1,0
BRDA:275,40,0,0
BRDA:275,40,1,0
BRDA:283,41,0,0
BRDA:283,41,1,0
BRDA:283,42,0,0
BRDA:283,42,1,0
BRDA:287,43,0,0
BRDA:287,43,1,0
BRDA:293,44,0,0
BRDA:293,44,1,0
BRDA:293,45,0,0
BRDA:293,45,1,0
BRDA:293,45,2,0
BRDA:293,45,3,0
BRDA:300,46,0,0
BRDA:300,46,1,0
BRDA:303,47,0,0
BRDA:303,47,1,0
BRDA:312,48,0,0
BRDA:312,48,1,0
BRDA:313,49,0,0
BRDA:313,49,1,0
BRDA:325,50,0,0
BRDA:325,50,1,0
BRDA:326,51,0,0
BRDA:326,51,1,0
BRDA:336,52,0,0
BRDA:336,52,1,0
BRDA:336,53,0,0
BRDA:336,53,1,0
BRDA:337,54,0,0
BRDA:337,54,1,0
BRDA:357,55,0,0
BRDA:357,55,1,0
BRDA:359,56,0,0
BRDA:359,56,1,0
BRDA:364,57,0,0
BRDA:364,57,1,0
BRDA:383,58,0,0
BRDA:383,58,1,0
BRDA:386,59,0,0
BRDA:386,59,1,0
BRDA:389,60,0,0
BRDA:389,60,1,0
BRDA:389,61,0,0
BRDA:389,61,1,0
BRDA:389,61,2,0
BRDA:391,62,0,0
BRDA:391,62,1,0
BRDA:411,63,0,0
BRDA:411,63,1,0
BRDA:412,64,0,0
BRDA:412,64,1,0
BRDA:413,65,0,0
BRDA:413,65,1,0
BRDA:413,66,0,0
BRDA:413,66,1,0
BRDA:417,67,0,0
BRDA:417,67,1,0
BRDA:421,68,0,0
BRDA:421,68,1,0
BRDA:421,69,0,0
BRDA:421,69,1,0
BRDA:424,70,0,0
BRDA:424,70,1,0
BRDA:428,71,0,0
BRDA:428,71,1,0
BRDA:428,72,0,0
BRDA:428,72,1,0
BRDA:431,73,0,0
BRDA:431,73,1,0
BRDA:440,74,0,0
BRDA:440,74,1,0
BRDA:443,75,0,0
BRDA:443,75,1,0
BRDA:446,76,0,0
BRDA:446,76,1,0
BRDA:449,77,0,0
BRDA:449,77,1,0
BRDA:452,78,0,0
BRDA:452,78,1,0
BRDA:458,79,0,0
BRDA:458,79,1,0
BRDA:459,80,0,0
BRDA:459,80,1,0
BRDA:465,81,0,0
BRDA:465,81,1,0
BRDA:473,82,0,0
BRDA:473,82,1,0
BRF:169
BRH:0
end_of_record
TN:
SF:NodeJS\public\semantic\components\visit.min.js
FN:11,(anonymous_0)
FN:11,(anonymous_1)
FN:11,(anonymous_2)
FN:11,(anonymous_3)
FN:11,(anonymous_4)
FN:11,(anonymous_5)
FN:11,(anonymous_6)
FN:11,(anonymous_7)
FN:11,(anonymous_8)
FN:11,(anonymous_9)
FN:11,(anonymous_10)
FN:11,(anonymous_11)
FN:11,(anonymous_12)
FN:11,(anonymous_13)
FN:11,(anonymous_14)
FN:11,(anonymous_15)
FN:11,(anonymous_16)
FN:11,(anonymous_17)
FN:11,(anonymous_18)
FN:11,(anonymous_19)
FN:11,(anonymous_20)
FN:11,(anonymous_21)
FN:11,(anonymous_22)
FN:11,(anonymous_23)
FN:11,(anonymous_24)
FN:11,(anonymous_25)
FN:11,(anonymous_26)
FN:11,(anonymous_27)
FN:11,(anonymous_28)
FN:11,(anonymous_29)
FN:11,(anonymous_30)
FN:11,(anonymous_31)
FN:11,(anonymous_32)
FN:11,(anonymous_33)
FN:11,(anonymous_34)
FN:11,(anonymous_35)
FN:11,(anonymous_36)
FN:11,(anonymous_37)
FNF:38
FNH:0
FNDA:0,(anonymous_0)
FNDA:0,(anonymous_1)
FNDA:0,(anonymous_2)
FNDA:0,(anonymous_3)
FNDA:0,(anonymous_4)
FNDA:0,(anonymous_5)
FNDA:0,(anonymous_6)
FNDA:0,(anonymous_7)
FNDA:0,(anonymous_8)
FNDA:0,(anonymous_9)
FNDA:0,(anonymous_10)
FNDA:0,(anonymous_11)
FNDA:0,(anonymous_12)
FNDA:0,(anonymous_13)
FNDA:0,(anonymous_14)
FNDA:0,(anonymous_15)
FNDA:0,(anonymous_16)
FNDA:0,(anonymous_17)
FNDA:0,(anonymous_18)
FNDA:0,(anonymous_19)
FNDA:0,(anonymous_20)
FNDA:0,(anonymous_21)
FNDA:0,(anonymous_22)
FNDA:0,(anonymous_23)
FNDA:0,(anonymous_24)
FNDA:0,(anonymous_25)
FNDA:0,(anonymous_26)
FNDA:0,(anonymous_27)
FNDA:0,(anonymous_28)
FNDA:0,(anonymous_29)
FNDA:0,(anonymous_30)
FNDA:0,(anonymous_31)
FNDA:0,(anonymous_32)
FNDA:0,(anonymous_33)
FNDA:0,(anonymous_34)
FNDA:0,(anonymous_35)
FNDA:0,(anonymous_36)
FNDA:0,(anonymous_37)
DA:11,0
LF:1
LH:0
BRDA:11,0,0,0
BRDA:11,0,1,0
BRDA:11,1,0,0
BRDA:11,1,1,0
BRDA:11,2,0,0
BRDA:11,2,1,0
BRDA:11,3,0,0
BRDA:11,3,1,0
BRDA:11,4,0,0
BRDA:11,4,1,0
BRDA:11,5,0,0
BRDA:11,5,1,0
BRDA:11,5,2,0
BRDA:11,6,0,0
BRDA:11,6,1,0
BRDA:11,7,0,0
BRDA:11,7,1,0
BRDA:11,7,2,0
BRDA:11,8,0,0
BRDA:11,8,1,0
BRDA:11,9,0,0
BRDA:11,9,1,0
BRDA:11,10,0,0
BRDA:11,10,1,0
BRDA:11,11,0,0
BRDA:11,11,1,0
BRDA:11,12,0,0
BRDA:11,12,1,0
BRDA:11,13,0,0
BRDA:11,13,1,0
BRDA:11,14,0,0
BRDA:11,14,1,0
BRDA:11,15,0,0
BRDA:11,15,1,0
BRDA:11,16,0,0
BRDA:11,16,1,0
BRDA:11,17,0,0
BRDA:11,17,1,0
BRDA:11,17,2,0
BRDA:11,18,0,0
BRDA:11,18,1,0
BRDA:11,19,0,0
BRDA:11,19,1,0
BRDA:11,20,0,0
BRDA:11,20,1,0
BRDA:11,21,0,0
BRDA:11,21,1,0
BRDA:11,22,0,0
BRDA:11,22,1,0
BRDA:11,23,0,0
BRDA:11,23,1,0
BRDA:11,23,2,0
BRDA:11,24,0,0
BRDA:11,24,1,0
BRDA:11,25,0,0
BRDA:11,25,1,0
BRDA:11,25,2,0
BRDA:11,26,0,0
BRDA:11,26,1,0
BRDA:11,27,0,0
BRDA:11,27,1,0
BRDA:11,28,0,0
BRDA:11,28,1,0
BRDA:11,29,0,0
BRDA:11,29,1,0
BRDA:11,30,0,0
BRDA:11,30,1,0
BRDA:11,31,0,0
BRDA:11,31,1,0
BRDA:11,32,0,0
BRDA:11,32,1,0
BRDA:11,33,0,0
BRDA:11,33,1,0
BRDA:11,34,0,0
BRDA:11,34,1,0
BRDA:11,35,0,0
BRDA:11,35,1,0
BRDA:11,36,0,0
BRDA:11,36,1,0
BRDA:11,37,0,0
BRDA:11,37,1,0
BRDA:11,38,0,0
BRDA:11,38,1,0
BRDA:11,39,0,0
BRDA:11,39,1,0
BRDA:11,39,2,0
BRDA:11,39,3,0
BRDA:11,39,4,0
BRDA:11,40,0,0
BRDA:11,40,1,0
BRDA:11,41,0,0
BRDA:11,41,1,0
BRDA:11,42,0,0
BRDA:11,42,1,0
BRDA:11,43,0,0
BRDA:11,43,1,0
BRDA:11,44,0,0
BRDA:11,44,1,0
BRDA:11,45,0,0
BRDA:11,45,1,0
BRDA:11,46,0,0
BRDA:11,46,1,0
BRDA:11,46,2,0
BRDA:11,47,0,0
BRDA:11,47,1,0
BRDA:11,48,0,0
BRDA:11,48,1,0
BRDA:11,49,0,0
BRDA:11,49,1,0
BRDA:11,50,0,0
BRDA:11,50,1,0
BRDA:11,51,0,0
BRDA:11,51,1,0
BRDA:11,52,0,0
BRDA:11,52,1,0
BRDA:11,53,0,0
BRDA:11,53,1,0
BRDA:11,53,2,0
BRDA:11,53,3,0
BRDA:11,54,0,0
BRDA:11,54,1,0
BRDA:11,55,0,0
BRDA:11,55,1,0
BRDA:11,56,0,0
BRDA:11,56,1,0
BRDA:11,57,0,0
BRDA:11,57,1,0
BRDA:11,57,2,0
BRDA:11,58,0,0
BRDA:11,58,1,0
BRDA:11,59,0,0
BRDA:11,59,1,0
BRDA:11,60,0,0
BRDA:11,60,1,0
BRDA:11,61,0,0
BRDA:11,61,1,0
BRDA:11,62,0,0
BRDA:11,62,1,0
BRDA:11,63,0,0
BRDA:11,63,1,0
BRDA:11,64,0,0
BRDA:11,64,1,0
BRDA:11,65,0,0
BRDA:11,65,1,0
BRDA:11,66,0,0
BRDA:11,66,1,0
BRDA:11,67,0,0
BRDA:11,67,1,0
BRDA:11,68,0,0
BRDA:11,68,1,0
BRDA:11,69,0,0
BRDA:11,69,1,0
BRDA:11,70,0,0
BRDA:11,70,1,0
BRDA:11,71,0,0
BRDA:11,71,1,0
BRDA:11,72,0,0
BRDA:11,72,1,0
BRDA:11,73,0,0
BRDA:11,73,1,0
BRF:160
BRH:0
end_of_record
TN:
SF:Outil\lecteur-fichier.js
FN:4,ScanDosier
FN:16,(anonymous_1)
FN:28,LireFichier
FN:33,(anonymous_3)
FN:35,(anonymous_4)
FN:41,(anonymous_5)
FN:47,(anonymous_6)
FNF:7
FNH:0
FNDA:0,ScanDosier
FNDA:0,(anonymous_1)
FNDA:0,LireFichier
FNDA:0,(anonymous_3)
FNDA:0,(anonymous_4)
FNDA:0,(anonymous_5)
FNDA:0,(anonymous_6)
DA:1,0
DA:2,0
DA:4,0
DA:8,0
DA:9,0
DA:11,0
DA:12,0
DA:14,0
DA:15,0
DA:16,0
DA:17,0
DA:18,0
DA:19,0
DA:22,0
DA:28,0
DA:29,0
DA:30,0
DA:33,0
DA:35,0
DA:36,0
DA:37,0
DA:38,0
DA:39,0
DA:41,0
DA:42,0
DA:43,0
DA:46,0
DA:47,0
DA:48,0
LF:29
LH:0
BRDA:11,0,0,0
BRDA:11,0,1,0
BRDA:15,1,0,0
BRDA:15,1,1,0
BRDA:17,2,0,0
BRDA:17,2,1,0
BRF:6
BRH:0
end_of_record
TN:
SF:Outil\lecteur-liens.js
FNF:0
FNH:0
DA:2,0
DA:3,0
DA:4,0
DA:5,0
DA:6,0
DA:7,0
DA:8,0
DA:9,0
DA:10,0
DA:12,0
DA:13,0
DA:30,0
DA:31,0
DA:32,0
DA:33,0
DA:34,0
DA:37,0
DA:40,0
DA:41,0
DA:42,0
DA:45,0
DA:52,0
DA:53,0
DA:54,0
DA:55,0
DA:58,0
DA:59,0
DA:60,0
DA:61,0
DA:62,0
DA:63,0
DA:64,0
DA:65,0
DA:66,0
DA:69,0
DA:70,0
DA:71,0
DA:72,0
DA:75,0
DA:77,0
DA:81,0
LF:41
LH:0
BRF:0
BRH:0
end_of_record
TN:
SF:Test\serveur.js
FN:20,start
FN:22,WaitOnRequest
FN:39,(anonymous_2)
FN:46,(anonymous_3)
FNF:4
FNH:0
FNDA:0,start
FNDA:0,WaitOnRequest
FNDA:0,(anonymous_2)
FNDA:0,(anonymous_3)
DA:1,0
DA:2,0
DA:3,0
DA:4,0
DA:6,0
DA:7,0
DA:8,0
DA:9,0
DA:10,0
DA:14,0
DA:15,0
DA:16,0
DA:18,0
DA:22,0
DA:23,0
DA:24,0
DA:25,0
DA:27,0
DA:28,0
DA:29,0
DA:31,0
DA:32,0
DA:33,0
DA:36,0
DA:37,0
DA:39,0
DA:41,0
DA:42,0
DA:46,0
DA:47,0
DA:48,0
DA:49,0
DA:50,0
DA:51,0
DA:52,0
DA:54,0
DA:57,0
DA:58,0
DA:59,0
LF:39
LH:0
BRF:0
BRH:0
end_of_record
TN:
SF:Test\test.js
FN:10,start
FN:26,start2
FN:34,(anonymous_2)
FN:37,(anonymous_3)
FNF:4
FNH:0
FNDA:0,start
FNDA:0,start2
FNDA:0,(anonymous_2)
FNDA:0,(anonymous_3)
DA:1,0
DA:2,0
DA:3,0
DA:4,0
DA:7,0
DA:20,0
DA:21,0
DA:22,0
DA:28,0
DA:29,0
DA:31,0
DA:32,0
DA:34,0
DA:35,0
DA:36,0
DA:38,0
DA:41,0
DA:59,0
DA:60,0
DA:61,0
DA:63,0
LF:21
LH:0
BRDA:21,0,0,0
BRDA:21,0,1,0
BRF:2
BRH:0
end_of_record
